{"meta": {"format": 3, "version": "7.13.0", "timestamp": "2026-04-03T02:18:24.574479", "branch_coverage": false, "show_contexts": false}, "files": {"cli/analytics_report.py": {"executed_lines": [2, 22, 24, 25, 26, 27, 28, 29, 30, 31, 33, 35, 36, 37, 44, 45, 46, 47, 49, 50, 52, 53, 54, 55, 56, 58, 62, 63, 65, 74, 75, 78, 81, 84, 85, 86, 87, 88, 91, 92, 93, 94, 95, 96, 97, 100, 101, 102, 103, 110, 119, 120, 121, 124, 126, 129, 131, 132, 133, 134, 135, 138, 150, 151, 152, 153, 154, 155, 156, 157, 160, 172, 173, 174, 175, 176, 177, 178, 179, 180, 182, 185, 195, 196, 197, 198, 199, 200, 201, 202, 203, 204, 205, 208, 217, 218, 219, 220, 221, 222, 223, 224, 227, 238, 239, 240, 241, 242, 243, 244, 247, 256, 259, 260, 261, 262, 264, 265, 266, 267, 268, 270, 271, 272, 274, 280, 290, 291, 293, 294, 296, 297, 298, 299, 300, 302, 303, 305, 312, 313, 316, 318, 320, 321, 325, 326, 330, 333, 335, 337, 338, 342, 343, 346, 349, 350, 351, 352, 355, 357, 358, 362, 365, 367, 371, 376, 379, 381, 382, 383, 384, 385, 386, 391, 394, 396, 397, 398, 403, 408, 411, 413, 423, 425, 426, 427, 432, 435, 454, 455, 456, 458, 459, 460, 461, 462, 463, 464, 465, 466, 467, 471, 479, 483, 485, 486, 487, 488, 493, 494, 495, 498, 499, 508, 515, 516, 517, 518, 519, 520, 521, 522, 523, 524, 525, 526, 527, 528, 529, 530, 533, 537, 539, 540, 541, 542, 546, 548, 549, 550, 551, 552, 553, 554, 555, 556, 557, 558, 559, 560, 561, 562, 563, 564, 567, 571, 572, 573, 574, 577, 578, 579, 580, 581, 582, 583, 584, 585, 586, 587, 588, 589, 590, 591, 592, 593, 594, 595, 598, 602, 603, 604, 605, 606, 608, 609, 610, 611, 612, 613, 614, 615, 616, 617, 618, 619, 620, 621, 624, 628, 629, 660, 664, 665, 667, 668, 671, 673, 674, 675, 676, 678, 681, 682, 683, 693, 700, 701, 702, 703, 704, 705, 706, 707, 708, 711, 715, 718, 719, 721, 722, 724, 726, 729, 734, 735, 738, 741, 742, 750, 757, 758, 760, 761, 762, 764, 765, 766, 767, 768, 769, 770, 771, 772, 773, 776, 784, 785, 787, 788, 789, 801, 804, 808, 809, 810, 814, 818, 819, 822, 823, 826, 827, 828, 876, 878, 879, 882, 884, 885, 888, 900, 901, 902, 903, 904, 905, 906, 907, 918, 924, 925, 926, 927, 928, 929, 930, 931, 940, 948, 955, 956, 966, 967, 968, 970, 973, 985, 986, 987, 988, 989, 990, 991, 997, 998, 999, 1009, 1010, 1012, 1013, 1014, 1015, 1016, 1017, 1018, 1019, 1020, 1021, 1022, 1023, 1029, 1031, 1041, 1042, 1046, 1061, 1063, 1066, 1068, 1069, 1072, 1074, 1075, 1076, 1077, 1078, 1081, 1088, 1089, 1090, 1091, 1092, 1093, 1094, 1095, 1096, 1099, 1101, 1104, 1106, 1107, 1108, 1109, 1110, 1111, 1112, 1113, 1114, 1115, 1116, 1118, 1119, 1121, 1122, 1140, 1144, 1145, 1146, 1163, 1167, 1168, 1169, 1185, 1206, 1208, 1209, 1210, 1211, 1212, 1213, 1214, 1216, 1217, 1218, 1221, 1223, 1224, 1225, 1226, 1228, 1229, 1230, 1231, 1232, 1233, 1234, 1239, 1245, 1247, 1249, 1251, 1253, 1256, 1264, 1266, 1267, 1271, 1272, 1273, 1274, 1276, 1278, 1281, 1283, 1284, 1286, 1287, 1289, 1292, 1302, 1305, 1306, 1307, 1309, 1310, 1311, 1312, 1315, 1326, 1327, 1328, 1332, 1333, 1334, 1335, 1336, 1337, 1348, 1349, 1350, 1354, 1356, 1358, 1361, 1362, 1363, 1374, 1379, 1380, 1381, 1389, 1392, 1393, 1394, 1395, 1396, 1397, 1398, 1401, 1404, 1405, 1406, 1415, 1418, 1420, 1423, 1424, 1426, 1427, 1429, 1430, 1431, 1433, 1436, 1437, 1438, 1444, 1445, 1447, 1450, 1482, 1488, 1490, 1491, 1492, 1495, 1497, 1498, 1505, 1507, 1509, 1510, 1512, 1513, 1515, 1518, 1519, 1521, 1522, 1524, 1525, 1526, 1528, 1531, 1552, 1553, 1554, 1563, 1564, 1565, 1568, 1577, 1578, 1581, 1582, 1583, 1593, 1594, 1596, 1609, 1618, 1630, 1647, 1648, 1649, 1658, 1659, 1660, 1663, 1672, 1673, 1676, 1677, 1678, 1691, 1708, 1725, 1741, 1761, 1782, 1842, 1844, 1845, 1846, 1852, 1859, 1860, 1863, 1865, 1866, 1867, 1873, 1880, 1881, 1884, 1886, 1887, 1907, 1909, 1911, 1912, 1913, 1914, 1917, 1927, 1928, 1929, 1930, 1931, 1932, 1933, 1934, 1935, 1936, 1937, 1939, 1960, 1961, 1962, 1963, 1964, 1965, 1966, 1967, 1969, 1977, 2004], "summary": {"covered_lines": 345, "num_statements": 453, "percent_covered": 76.15894039735099, "percent_covered_display": "76", "missing_lines": 108, "excluded_lines": 816, "percent_statements_covered": 76.15894039735099, "percent_statements_covered_display": "76"}, "missing_lines": [181, 257, 319, 336, 404, 949, 953, 1610, 1613, 1614, 1615, 1616, 1617, 1688, 1689, 1710, 1711, 1712, 1713, 1714, 1715, 1716, 1717, 1722, 1727, 1728, 1729, 1730, 1731, 1732, 1733, 1734, 1738, 1743, 1744, 1745, 1746, 1747, 1748, 1752, 1753, 1754, 1755, 1758, 1763, 1764, 1765, 1766, 1767, 1768, 1769, 1770, 1771, 1772, 1773, 1775, 1776, 1777, 1778, 1779, 1792, 1793, 1794, 1795, 1796, 1797, 1798, 1799, 1800, 1801, 1802, 1803, 1804, 1805, 1806, 1807, 1808, 1809, 1810, 1811, 1812, 1825, 1826, 1827, 1829, 1830, 1831, 1832, 1833, 1834, 1888, 1889, 1897, 1898, 1903, 1904, 1910, 1979, 1982, 1988, 1994, 1996, 1997, 1998, 1999, 2000, 2001, 2005], "excluded_lines": [43, 59, 60, 66, 67, 479, 480, 481, 482, 483, 484, 485, 486, 487, 488, 489, 490, 491, 492, 493, 494, 495, 496, 497, 498, 499, 500, 501, 502, 503, 504, 505, 506, 507, 508, 509, 510, 511, 512, 513, 514, 515, 516, 517, 518, 519, 520, 521, 522, 523, 524, 525, 526, 527, 528, 529, 530, 533, 534, 535, 536, 537, 538, 539, 540, 541, 542, 543, 544, 545, 546, 547, 548, 549, 550, 551, 552, 553, 554, 555, 556, 557, 558, 559, 560, 561, 562, 563, 564, 567, 568, 569, 570, 571, 572, 573, 574, 575, 576, 577, 578, 579, 580, 581, 582, 583, 584, 585, 586, 587, 588, 589, 590, 591, 592, 593, 594, 595, 598, 599, 600, 601, 602, 603, 604, 605, 606, 607, 608, 609, 610, 611, 612, 613, 614, 615, 616, 617, 618, 619, 620, 621, 624, 625, 626, 627, 628, 629, 630, 631, 632, 633, 634, 635, 636, 637, 638, 639, 640, 641, 642, 643, 644, 645, 646, 647, 648, 649, 650, 651, 652, 653, 654, 655, 656, 657, 660, 661, 662, 663, 664, 665, 666, 667, 668, 669, 670, 671, 672, 673, 674, 675, 676, 677, 678, 679, 680, 681, 682, 683, 684, 685, 686, 687, 688, 689, 690, 691, 692, 693, 694, 695, 696, 697, 698, 699, 700, 701, 702, 703, 704, 705, 706, 707, 708, 711, 712, 713, 714, 715, 716, 717, 718, 719, 720, 721, 722, 723, 724, 725, 726, 727, 728, 729, 730, 731, 732, 733, 734, 735, 736, 737, 738, 739, 740, 741, 742, 743, 744, 745, 746, 747, 748, 749, 750, 751, 752, 753, 754, 755, 756, 757, 758, 759, 760, 761, 762, 763, 764, 765, 766, 767, 768, 769, 770, 771, 772, 773, 776, 777, 778, 779, 780, 781, 782, 783, 784, 785, 786, 787, 788, 789, 790, 791, 792, 793, 794, 795, 796, 797, 798, 799, 800, 801, 804, 805, 806, 807, 808, 809, 810, 811, 814, 815, 816, 817, 818, 819, 820, 821, 822, 823, 824, 825, 826, 827, 828, 829, 830, 831, 832, 833, 834, 835, 836, 837, 838, 839, 840, 841, 842, 843, 844, 845, 846, 847, 848, 849, 850, 851, 852, 853, 854, 855, 856, 857, 858, 859, 860, 861, 862, 863, 864, 865, 866, 867, 868, 956, 966, 967, 968, 1061, 1062, 1063, 1066, 1067, 1068, 1069, 1072, 1073, 1074, 1075, 1076, 1077, 1078, 1081, 1082, 1083, 1084, 1085, 1086, 1087, 1088, 1089, 1090, 1091, 1092, 1093, 1094, 1095, 1096, 1104, 1105, 1106, 1107, 1108, 1109, 1110, 1111, 1112, 1113, 1114, 1115, 1116, 1117, 1118, 1119, 1120, 1121, 1122, 1123, 1124, 1125, 1126, 1127, 1128, 1129, 1130, 1131, 1132, 1133, 1134, 1135, 1136, 1137, 1140, 1141, 1142, 1143, 1144, 1145, 1146, 1147, 1148, 1149, 1150, 1151, 1152, 1153, 1154, 1155, 1156, 1157, 1158, 1159, 1160, 1163, 1164, 1165, 1166, 1167, 1168, 1169, 1170, 1171, 1172, 1173, 1174, 1175, 1176, 1177, 1178, 1179, 1180, 1181, 1182, 1185, 1186, 1187, 1188, 1189, 1190, 1191, 1192, 1193, 1194, 1195, 1196, 1197, 1198, 1199, 1200, 1201, 1202, 1203, 1206, 1207, 1208, 1209, 1210, 1211, 1212, 1213, 1214, 1215, 1216, 1217, 1218, 1221, 1222, 1223, 1224, 1225, 1226, 1227, 1228, 1229, 1230, 1231, 1232, 1233, 1234, 1235, 1236, 1239, 1240, 1241, 1242, 1243, 1244, 1245, 1246, 1247, 1248, 1249, 1250, 1251, 1252, 1253, 1256, 1257, 1258, 1259, 1260, 1261, 1262, 1263, 1264, 1265, 1266, 1267, 1268, 1269, 1270, 1271, 1272, 1273, 1274, 1275, 1276, 1277, 1278, 1279, 1280, 1281, 1282, 1283, 1284, 1285, 1286, 1287, 1288, 1289, 1292, 1293, 1294, 1295, 1296, 1297, 1298, 1299, 1300, 1301, 1302, 1303, 1304, 1305, 1306, 1307, 1308, 1309, 1310, 1311, 1312, 1313, 1314, 1315, 1316, 1317, 1318, 1319, 1320, 1321, 1322, 1323, 1324, 1325, 1326, 1327, 1328, 1329, 1330, 1331, 1332, 1333, 1334, 1335, 1336, 1337, 1338, 1339, 1340, 1341, 1342, 1343, 1344, 1345, 1346, 1347, 1348, 1349, 1350, 1351, 1352, 1353, 1354, 1355, 1356, 1357, 1358, 1359, 1360, 1361, 1362, 1363, 1364, 1365, 1366, 1367, 1368, 1369, 1370, 1371, 1374, 1375, 1376, 1377, 1378, 1379, 1380, 1381, 1382, 1383, 1384, 1385, 1386, 1387, 1388, 1389, 1390, 1391, 1392, 1393, 1394, 1395, 1396, 1397, 1398, 1399, 1400, 1401, 1402, 1403, 1404, 1405, 1406, 1407, 1408, 1409, 1410, 1411, 1412, 1413, 1414, 1415, 1416, 1417, 1418, 1419, 1420, 1421, 1422, 1423, 1424, 1425, 1426, 1427, 1428, 1429, 1430, 1431, 1432, 1433, 1434, 1435, 1436, 1437, 1438, 1439, 1440, 1441, 1442, 1443, 1444, 1445, 1446, 1447, 1450, 1451, 1452, 1453, 1454, 1455, 1456, 1457, 1458, 1459, 1460, 1461, 1462, 1463, 1464, 1465, 1466, 1467, 1468, 1469, 1470, 1471, 1472, 1473, 1474, 1475, 1476, 1477, 1478, 1479, 1480, 1481, 1482, 1483, 1484, 1485, 1486, 1487, 1488, 1489, 1490, 1491, 1492, 1493, 1494, 1495, 1496, 1497, 1498, 1499, 1500, 1501, 1502, 1503, 1504, 1505, 1506, 1507, 1508, 1509, 1510, 1511, 1512, 1513, 1514, 1515, 1516, 1517, 1518, 1519, 1520, 1521, 1522, 1523, 1524, 1525, 1526, 1527, 1528], "functions": {"compute_daily_returns": {"executed_lines": [119, 120, 121], "summary": {"covered_lines": 3, "num_statements": 3, "percent_covered": 100.0, "percent_covered_display": "100", "missing_lines": 0, "excluded_lines": 0, "percent_statements_covered": 100.0, "percent_statements_covered_display": "100"}, "missing_lines": [], "excluded_lines": []}, "_mean": {"executed_lines": [126], "summary": {"covered_lines": 1, "num_statements": 1, "percent_covered": 100.0, "percent_covered_display": "100", "missing_lines": 0, "excluded_lines": 0, "percent_statements_covered": 100.0, "percent_statements_covered_display": "100"}, "missing_lines": [], "excluded_lines": []}, "_std": {"executed_lines": [131, 132, 133, 134, 135], "summary": {"covered_lines": 5, "num_statements": 5, "percent_covered": 100.0, "percent_covered_display": "100", "missing_lines": 0, "excluded_lines": 0, "percent_statements_covered": 100.0, "percent_statements_covered_display": "100"}, "missing_lines": [], "excluded_lines": []}, "compute_sharpe_ratio": {"executed_lines": [150, 151, 152, 153, 154, 155, 156, 157], "summary": {"covered_lines": 8, "num_statements": 8, "percent_covered": 100.0, "percent_covered_display": "100", "missing_lines": 0, "excluded_lines": 0, "percent_statements_covered": 100.0, "percent_statements_covered_display": "100"}, "missing_lines": [], "excluded_lines": []}, "compute_sortino_ratio": {"executed_lines": [172, 173, 174, 175, 176, 177, 178, 179, 180, 182], "summary": {"covered_lines": 10, "num_statements": 11, "percent_covered": 90.9090909090909, "percent_covered_display": "91", "missing_lines": 1, "excluded_lines": 0, "percent_statements_covered": 90.9090909090909, "percent_statements_covered_display": "91"}, "missing_lines": [181], "excluded_lines": []}, "compute_max_drawdown": {"executed_lines": [195, 196, 197, 198, 199, 200, 201, 202, 203, 204, 205], "summary": {"covered_lines": 11, "num_statements": 11, "percent_covered": 100.0, "percent_covered_display": "100", "missing_lines": 0, "excluded_lines": 0, "percent_statements_covered": 100.0, "percent_statements_covered_display": "100"}, "missing_lines": [], "excluded_lines": []}, "_drawdown_series": {"executed_lines": [217, 218, 219, 220, 221, 222, 223, 224], "summary": {"covered_lines": 8, "num_statements": 8, "percent_covered": 100.0, "percent_covered_display": "100", "missing_lines": 0, "excluded_lines": 0, "percent_statements_covered": 100.0, "percent_statements_covered_display": "100"}, "missing_lines": [], "excluded_lines": []}, "compute_profit_factor": {"executed_lines": [238, 239, 240, 241, 242, 243, 244], "summary": {"covered_lines": 7, "num_statements": 7, "percent_covered": 100.0, "percent_covered_display": "100", "missing_lines": 0, "excluded_lines": 0, "percent_statements_covered": 100.0, "percent_statements_covered_display": "100"}, "missing_lines": [], "excluded_lines": []}, "compute_win_loss_streaks": {"executed_lines": [256, 259, 260, 261, 262, 264, 265, 266, 267, 268, 270, 271, 272, 274], "summary": {"covered_lines": 14, "num_statements": 15, "percent_covered": 93.33333333333333, "percent_covered_display": "93", "missing_lines": 1, "excluded_lines": 0, "percent_statements_covered": 93.33333333333333, "percent_statements_covered_display": "93"}, "missing_lines": [257], "excluded_lines": []}, "compute_rolling_volatility": {"executed_lines": [290, 291, 293, 294, 296, 297, 298, 299, 300, 302, 303, 305], "summary": {"covered_lines": 12, "num_statements": 12, "percent_covered": 100.0, "percent_covered_display": "100", "missing_lines": 0, "excluded_lines": 0, "percent_statements_covered": 100.0, "percent_statements_covered_display": "100"}, "missing_lines": [], "excluded_lines": []}, "_sharpe_suggestions": {"executed_lines": [318, 320, 321, 325, 326, 330], "summary": {"covered_lines": 6, "num_statements": 7, "percent_covered": 85.71428571428571, "percent_covered_display": "86", "missing_lines": 1, "excluded_lines": 0, "percent_statements_covered": 85.71428571428571, "percent_statements_covered_display": "86"}, "missing_lines": [319], "excluded_lines": []}, "_profit_factor_suggestions": {"executed_lines": [335, 337, 338, 342, 343, 346], "summary": {"covered_lines": 6, "num_statements": 7, "percent_covered": 85.71428571428571, "percent_covered_display": "86", "missing_lines": 1, "excluded_lines": 0, "percent_statements_covered": 85.71428571428571, "percent_statements_covered_display": "86"}, "missing_lines": [336], "excluded_lines": []}, "_check_no_trades": {"executed_lines": [357, 358, 362], "summary": {"covered_lines": 3, "num_statements": 3, "percent_covered": 100.0, "percent_covered_display": "100", "missing_lines": 0, "excluded_lines": 0, "percent_statements_covered": 100.0, "percent_statements_covered_display": "100"}, "missing_lines": [], "excluded_lines": []}, "_check_win_rate": {"executed_lines": [367, 371, 376], "summary": {"covered_lines": 3, "num_statements": 3, "percent_covered": 100.0, "percent_covered_display": "100", "missing_lines": 0, "excluded_lines": 0, "percent_statements_covered": 100.0, "percent_statements_covered_display": "100"}, "missing_lines": [], "excluded_lines": []}, "_check_fee_drag": {"executed_lines": [381, 382, 383, 384, 385, 386, 391], "summary": {"covered_lines": 7, "num_statements": 7, "percent_covered": 100.0, "percent_covered_display": "100", "missing_lines": 0, "excluded_lines": 0, "percent_statements_covered": 100.0, "percent_statements_covered_display": "100"}, "missing_lines": [], "excluded_lines": []}, "_check_drawdown": {"executed_lines": [396, 397, 398, 403, 408], "summary": {"covered_lines": 5, "num_statements": 6, "percent_covered": 83.33333333333333, "percent_covered_display": "83", "missing_lines": 1, "excluded_lines": 0, "percent_statements_covered": 83.33333333333333, "percent_statements_covered_display": "83"}, "missing_lines": [404], "excluded_lines": []}, "_check_symbol_losses": {"executed_lines": [413], "summary": {"covered_lines": 1, "num_statements": 1, "percent_covered": 100.0, "percent_covered_display": "100", "missing_lines": 0, "excluded_lines": 0, "percent_statements_covered": 100.0, "percent_statements_covered_display": "100"}, "missing_lines": [], "excluded_lines": []}, "_check_best_backtest": {"executed_lines": [425, 426, 427, 432], "summary": {"covered_lines": 4, "num_statements": 4, "percent_covered": 100.0, "percent_covered_display": "100", "missing_lines": 0, "excluded_lines": 0, "percent_statements_covered": 100.0, "percent_statements_covered_display": "100"}, "missing_lines": [], "excluded_lines": []}, "generate_suggestions": {"executed_lines": [454, 455, 456, 458, 459, 460, 461, 462, 463, 464, 465, 466, 467, 471], "summary": {"covered_lines": 14, "num_statements": 14, "percent_covered": 100.0, "percent_covered_display": "100", "missing_lines": 0, "excluded_lines": 0, "percent_statements_covered": 100.0, "percent_statements_covered_display": "100"}, "missing_lines": [], "excluded_lines": []}, "_chart_equity_curve": {"executed_lines": [483, 485, 486, 487, 488, 493, 494, 495, 498, 499, 508, 515, 516, 517, 518, 519, 520, 521, 522, 523, 524, 525, 526, 527, 528, 529, 530], "summary": {"covered_lines": 0, "num_statements": 0, "percent_covered": 100.0, "percent_covered_display": "100", "missing_lines": 0, "excluded_lines": 49, "percent_statements_covered": 100.0, "percent_statements_covered_display": "100"}, "missing_lines": [], "excluded_lines": [482, 483, 484, 485, 486, 487, 488, 489, 490, 491, 492, 493, 494, 495, 496, 497, 498, 499, 500, 501, 502, 503, 504, 505, 506, 507, 508, 509, 510, 511, 512, 513, 514, 515, 516, 517, 518, 519, 520, 521, 522, 523, 524, 525, 526, 527, 528, 529, 530]}, "_chart_drawdown": {"executed_lines": [537, 539, 540, 541, 542, 546, 548, 549, 550, 551, 552, 553, 554, 555, 556, 557, 558, 559, 560, 561, 562, 563, 564], "summary": {"covered_lines": 0, "num_statements": 0, "percent_covered": 100.0, "percent_covered_display": "100", "missing_lines": 0, "excluded_lines": 29, "percent_statements_covered": 100.0, "percent_statements_covered_display": "100"}, "missing_lines": [], "excluded_lines": [536, 537, 538, 539, 540, 541, 542, 543, 544, 545, 546, 547, 548, 549, 550, 551, 552, 553, 554, 555, 556, 557, 558, 559, 560, 561, 562, 563, 564]}, "_chart_pnl_distribution": {"executed_lines": [571, 572, 573, 574, 577, 578, 579, 580, 581, 582, 583, 584, 585, 586, 587, 588, 589, 590, 591, 592, 593, 594, 595], "summary": {"covered_lines": 0, "num_statements": 0, "percent_covered": 100.0, "percent_covered_display": "100", "missing_lines": 0, "excluded_lines": 26, "percent_statements_covered": 100.0, "percent_statements_covered_display": "100"}, "missing_lines": [], "excluded_lines": [570, 571, 572, 573, 574, 575, 576, 577, 578, 579, 580, 581, 582, 583, 584, 585, 586, 587, 588, 589, 590, 591, 592, 593, 594, 595]}, "_chart_symbol_performance": {"executed_lines": [602, 603, 604, 605, 606, 608, 609, 610, 611, 612, 613, 614, 615, 616, 617, 618, 619, 620, 621], "summary": {"covered_lines": 0, "num_statements": 0, "percent_covered": 100.0, "percent_covered_display": "100", "missing_lines": 0, "excluded_lines": 21, "percent_statements_covered": 100.0, "percent_statements_covered_display": "100"}, "missing_lines": [], "excluded_lines": [601, 602, 603, 604, 605, 606, 607, 608, 609, 610, 611, 612, 613, 614, 615, 616, 617, 618, 619, 620, 621]}, "_chart_backtest_comparison": {"executed_lines": [628, 629], "summary": {"covered_lines": 0, "num_statements": 0, "percent_covered": 100.0, "percent_covered_display": "100", "missing_lines": 0, "excluded_lines": 31, "percent_statements_covered": 100.0, "percent_statements_covered_display": "100"}, "missing_lines": [], "excluded_lines": [627, 628, 629, 630, 631, 632, 633, 634, 635, 636, 637, 638, 639, 640, 641, 642, 643, 644, 645, 646, 647, 648, 649, 650, 651, 652, 653, 654, 655, 656, 657]}, "_chart_win_loss_streaks": {"executed_lines": [664, 665, 667, 668, 671, 673, 674, 675, 676, 678, 681, 682, 683, 693, 700, 701, 702, 703, 704, 705, 706, 707, 708], "summary": {"covered_lines": 0, "num_statements": 0, "percent_covered": 100.0, "percent_covered_display": "100", "missing_lines": 0, "excluded_lines": 46, "percent_statements_covered": 100.0, "percent_statements_covered_display": "100"}, "missing_lines": [], "excluded_lines": [663, 664, 665, 666, 667, 668, 669, 670, 671, 672, 673, 674, 675, 676, 677, 678, 679, 680, 681, 682, 683, 684, 685, 686, 687, 688, 689, 690, 691, 692, 693, 694, 695, 696, 697, 698, 699, 700, 701, 702, 703, 704, 705, 706, 707, 708]}, "_chart_volatility": {"executed_lines": [715, 718, 719, 721, 722, 724, 726, 729, 734, 735, 738, 741, 742, 750, 757, 758, 760, 761, 762, 764, 765, 766, 767, 768, 769, 770, 771, 772, 773], "summary": {"covered_lines": 0, "num_statements": 0, "percent_covered": 100.0, "percent_covered_display": "100", "missing_lines": 0, "excluded_lines": 60, "percent_statements_covered": 100.0, "percent_statements_covered_display": "100"}, "missing_lines": [], "excluded_lines": [714, 715, 716, 717, 718, 719, 720, 721, 722, 723, 724, 725, 726, 727, 728, 729, 730, 731, 732, 733, 734, 735, 736, 737, 738, 739, 740, 741, 742, 743, 744, 745, 746, 747, 748, 749, 750, 751, 752, 753, 754, 755, 756, 757, 758, 759, 760, 761, 762, 763, 764, 765, 766, 767, 768, 769, 770, 771, 772, 773]}, "_build_performance_grid": {"executed_lines": [784, 785, 787, 788, 789, 801], "summary": {"covered_lines": 0, "num_statements": 0, "percent_covered": 100.0, "percent_covered_display": "100", "missing_lines": 0, "excluded_lines": 23, "percent_statements_covered": 100.0, "percent_statements_covered_display": "100"}, "missing_lines": [], "excluded_lines": [779, 780, 781, 782, 783, 784, 785, 786, 787, 788, 789, 790, 791, 792, 793, 794, 795, 796, 797, 798, 799, 800, 801]}, "_average_grid_cells": {"executed_lines": [808, 809, 810], "summary": {"covered_lines": 0, "num_statements": 0, "percent_covered": 100.0, "percent_covered_display": "100", "missing_lines": 0, "excluded_lines": 5, "percent_statements_covered": 100.0, "percent_statements_covered_display": "100"}, "missing_lines": [], "excluded_lines": [807, 808, 809, 810, 811]}, "_chart_performance_heatmap": {"executed_lines": [818, 819, 822, 823, 826, 827, 828], "summary": {"covered_lines": 0, "num_statements": 0, "percent_covered": 100.0, "percent_covered_display": "100", "missing_lines": 0, "excluded_lines": 52, "percent_statements_covered": 100.0, "percent_statements_covered_display": "100"}, "missing_lines": [], "excluded_lines": [817, 818, 819, 820, 821, 822, 823, 824, 825, 826, 827, 828, 829, 830, 831, 832, 833, 834, 835, 836, 837, 838, 839, 840, 841, 842, 843, 844, 845, 846, 847, 848, 849, 850, 851, 852, 853, 854, 855, 856, 857, 858, 859, 860, 861, 862, 863, 864, 865, 866, 867, 868]}, "_fmt_eur": {"executed_lines": [878, 879], "summary": {"covered_lines": 2, "num_statements": 2, "percent_covered": 100.0, "percent_covered_display": "100", "missing_lines": 0, "excluded_lines": 0, "percent_statements_covered": 100.0, "percent_statements_covered_display": "100"}, "missing_lines": [], "excluded_lines": []}, "_fmt_pct": {"executed_lines": [884, 885], "summary": {"covered_lines": 2, "num_statements": 2, "percent_covered": 100.0, "percent_covered_display": "100", "missing_lines": 0, "excluded_lines": 0, "percent_statements_covered": 100.0, "percent_statements_covered_display": "100"}, "missing_lines": [], "excluded_lines": []}, "_fetch_report_data": {"executed_lines": [900, 901, 902, 903, 904, 905, 906, 907], "summary": {"covered_lines": 8, "num_statements": 8, "percent_covered": 100.0, "percent_covered_display": "100", "missing_lines": 0, "excluded_lines": 0, "percent_statements_covered": 100.0, "percent_statements_covered_display": "100"}, "missing_lines": [], "excluded_lines": []}, "_compute_report_metrics": {"executed_lines": [924, 925, 926, 927, 928, 929, 930, 931], "summary": {"covered_lines": 8, "num_statements": 8, "percent_covered": 100.0, "percent_covered_display": "100", "missing_lines": 0, "excluded_lines": 0, "percent_statements_covered": 100.0, "percent_statements_covered_display": "100"}, "missing_lines": [], "excluded_lines": []}, "_generate_report_charts": {"executed_lines": [948, 955, 956, 966, 967, 968, 970], "summary": {"covered_lines": 3, "num_statements": 5, "percent_covered": 60.0, "percent_covered_display": "60", "missing_lines": 2, "excluded_lines": 4, "percent_statements_covered": 60.0, "percent_statements_covered_display": "60"}, "missing_lines": [949, 953], "excluded_lines": [956, 966, 967, 968]}, "_send_telegram_report": {"executed_lines": [985, 986, 987, 988, 989, 990, 991, 997, 998, 999, 1009, 1010, 1012, 1013, 1014, 1015, 1016, 1017, 1018, 1019, 1020, 1021, 1022, 1023, 1029, 1031, 1041, 1042], "summary": {"covered_lines": 28, "num_statements": 28, "percent_covered": 100.0, "percent_covered_display": "100", "missing_lines": 0, "excluded_lines": 0, "percent_statements_covered": 100.0, "percent_statements_covered_display": "100"}, "missing_lines": [], "excluded_lines": []}, "_pdf_safe_text": {"executed_lines": [1063], "summary": {"covered_lines": 0, "num_statements": 0, "percent_covered": 100.0, "percent_covered_display": "100", "missing_lines": 0, "excluded_lines": 2, "percent_statements_covered": 100.0, "percent_statements_covered_display": "100"}, "missing_lines": [], "excluded_lines": [1062, 1063]}, "_pdf_section_header": {"executed_lines": [1068, 1069], "summary": {"covered_lines": 0, "num_statements": 0, "percent_covered": 100.0, "percent_covered_display": "100", "missing_lines": 0, "excluded_lines": 3, "percent_statements_covered": 100.0, "percent_statements_covered_display": "100"}, "missing_lines": [], "excluded_lines": [1067, 1068, 1069]}, "_pdf_two_col_table": {"executed_lines": [1074, 1075, 1076, 1077, 1078], "summary": {"covered_lines": 0, "num_statements": 0, "percent_covered": 100.0, "percent_covered_display": "100", "missing_lines": 0, "excluded_lines": 6, "percent_statements_covered": 100.0, "percent_statements_covered_display": "100"}, "missing_lines": [], "excluded_lines": [1073, 1074, 1075, 1076, 1077, 1078]}, "_pdf_table": {"executed_lines": [1088, 1089, 1090, 1091, 1092, 1093, 1094, 1095, 1096], "summary": {"covered_lines": 0, "num_statements": 0, "percent_covered": 100.0, "percent_covered_display": "100", "missing_lines": 0, "excluded_lines": 10, "percent_statements_covered": 100.0, "percent_statements_covered_display": "100"}, "missing_lines": [], "excluded_lines": [1087, 1088, 1089, 1090, 1091, 1092, 1093, 1094, 1095, 1096]}, "_format_metric_value": {"executed_lines": [1101], "summary": {"covered_lines": 1, "num_statements": 1, "percent_covered": 100.0, "percent_covered_display": "100", "missing_lines": 0, "excluded_lines": 0, "percent_statements_covered": 100.0, "percent_statements_covered_display": "100"}, "missing_lines": [], "excluded_lines": []}, "_pdf_core_metrics_section": {"executed_lines": [1106, 1107, 1108, 1109, 1110, 1111, 1112, 1113, 1114, 1115, 1116, 1118, 1119, 1121, 1122], "summary": {"covered_lines": 0, "num_statements": 0, "percent_covered": 100.0, "percent_covered_display": "100", "missing_lines": 0, "excluded_lines": 33, "percent_statements_covered": 100.0, "percent_statements_covered_display": "100"}, "missing_lines": [], "excluded_lines": [1105, 1106, 1107, 1108, 1109, 1110, 1111, 1112, 1113, 1114, 1115, 1116, 1117, 1118, 1119, 1120, 1121, 1122, 1123, 1124, 1125, 1126, 1127, 1128, 1129, 1130, 1131, 1132, 1133, 1134, 1135, 1136, 1137]}, "_pdf_symbol_section": {"executed_lines": [1144, 1145, 1146], "summary": {"covered_lines": 0, "num_statements": 0, "percent_covered": 100.0, "percent_covered_display": "100", "missing_lines": 0, "excluded_lines": 18, "percent_statements_covered": 100.0, "percent_statements_covered_display": "100"}, "missing_lines": [], "excluded_lines": [1143, 1144, 1145, 1146, 1147, 1148, 1149, 1150, 1151, 1152, 1153, 1154, 1155, 1156, 1157, 1158, 1159, 1160]}, "_pdf_strategy_section": {"executed_lines": [1167, 1168, 1169], "summary": {"covered_lines": 0, "num_statements": 0, "percent_covered": 100.0, "percent_covered_display": "100", "missing_lines": 0, "excluded_lines": 17, "percent_statements_covered": 100.0, "percent_statements_covered_display": "100"}, "missing_lines": [], "excluded_lines": [1166, 1167, 1168, 1169, 1170, 1171, 1172, 1173, 1174, 1175, 1176, 1177, 1178, 1179, 1180, 1181, 1182]}, "_pdf_backtest_section": {"executed_lines": [], "summary": {"covered_lines": 0, "num_statements": 0, "percent_covered": 100.0, "percent_covered_display": "100", "missing_lines": 0, "excluded_lines": 18, "percent_statements_covered": 100.0, "percent_statements_covered_display": "100"}, "missing_lines": [], "excluded_lines": [1186, 1187, 1188, 1189, 1190, 1191, 1192, 1193, 1194, 1195, 1196, 1197, 1198, 1199, 1200, 1201, 1202, 1203]}, "_pdf_suggestions_section": {"executed_lines": [1208, 1209, 1210, 1211, 1212, 1213, 1214, 1216, 1217, 1218], "summary": {"covered_lines": 0, "num_statements": 0, "percent_covered": 100.0, "percent_covered_display": "100", "missing_lines": 0, "excluded_lines": 12, "percent_statements_covered": 100.0, "percent_statements_covered_display": "100"}, "missing_lines": [], "excluded_lines": [1207, 1208, 1209, 1210, 1211, 1212, 1213, 1214, 1215, 1216, 1217, 1218]}, "_pdf_charts_section": {"executed_lines": [1223, 1224, 1225, 1226, 1228, 1229, 1230, 1231, 1232, 1233, 1234], "summary": {"covered_lines": 0, "num_statements": 0, "percent_covered": 100.0, "percent_covered_display": "100", "missing_lines": 0, "excluded_lines": 15, "percent_statements_covered": 100.0, "percent_statements_covered_display": "100"}, "missing_lines": [], "excluded_lines": [1222, 1223, 1224, 1225, 1226, 1227, 1228, 1229, 1230, 1231, 1232, 1233, 1234, 1235, 1236]}, "_determine_health_status": {"executed_lines": [1245, 1247, 1249, 1251, 1253], "summary": {"covered_lines": 0, "num_statements": 0, "percent_covered": 100.0, "percent_covered_display": "100", "missing_lines": 0, "excluded_lines": 14, "percent_statements_covered": 100.0, "percent_statements_covered_display": "100"}, "missing_lines": [], "excluded_lines": [1240, 1241, 1242, 1243, 1244, 1245, 1246, 1247, 1248, 1249, 1250, 1251, 1252, 1253]}, "_generate_insights": {"executed_lines": [1264, 1266, 1267, 1271, 1272, 1273, 1274, 1276, 1278, 1281, 1283, 1284, 1286, 1287, 1289], "summary": {"covered_lines": 0, "num_statements": 0, "percent_covered": 100.0, "percent_covered_display": "100", "missing_lines": 0, "excluded_lines": 27, "percent_statements_covered": 100.0, "percent_statements_covered_display": "100"}, "missing_lines": [], "excluded_lines": [1263, 1264, 1265, 1266, 1267, 1268, 1269, 1270, 1271, 1272, 1273, 1274, 1275, 1276, 1277, 1278, 1279, 1280, 1281, 1282, 1283, 1284, 1285, 1286, 1287, 1288, 1289]}, "_pdf_kpi_grid": {"executed_lines": [1302, 1305, 1306, 1307, 1309, 1310, 1311, 1312, 1315, 1326, 1327, 1328, 1332, 1333, 1334, 1335, 1336, 1337, 1348, 1349, 1350, 1354, 1356, 1358, 1361, 1362, 1363], "summary": {"covered_lines": 0, "num_statements": 0, "percent_covered": 100.0, "percent_covered_display": "100", "missing_lines": 0, "excluded_lines": 71, "percent_statements_covered": 100.0, "percent_statements_covered_display": "100"}, "missing_lines": [], "excluded_lines": [1301, 1302, 1303, 1304, 1305, 1306, 1307, 1308, 1309, 1310, 1311, 1312, 1313, 1314, 1315, 1316, 1317, 1318, 1319, 1320, 1321, 1322, 1323, 1324, 1325, 1326, 1327, 1328, 1329, 1330, 1331, 1332, 1333, 1334, 1335, 1336, 1337, 1338, 1339, 1340, 1341, 1342, 1343, 1344, 1345, 1346, 1347, 1348, 1349, 1350, 1351, 1352, 1353, 1354, 1355, 1356, 1357, 1358, 1359, 1360, 1361, 1362, 1363, 1364, 1365, 1366, 1367, 1368, 1369, 1370, 1371]}, "_pdf_executive_summary": {"executed_lines": [1379, 1380, 1381, 1389, 1392, 1393, 1394, 1395, 1396, 1397, 1398, 1401, 1404, 1405, 1406, 1415, 1418, 1420, 1423, 1424, 1426, 1427, 1429, 1430, 1431, 1433, 1436, 1437, 1438, 1444, 1445, 1447], "summary": {"covered_lines": 0, "num_statements": 0, "percent_covered": 100.0, "percent_covered_display": "100", "missing_lines": 0, "excluded_lines": 71, "percent_statements_covered": 100.0, "percent_statements_covered_display": "100"}, "missing_lines": [], "excluded_lines": [1377, 1378, 1379, 1380, 1381, 1382, 1383, 1384, 1385, 1386, 1387, 1388, 1389, 1390, 1391, 1392, 1393, 1394, 1395, 1396, 1397, 1398, 1399, 1400, 1401, 1402, 1403, 1404, 1405, 1406, 1407, 1408, 1409, 1410, 1411, 1412, 1413, 1414, 1415, 1416, 1417, 1418, 1419, 1420, 1421, 1422, 1423, 1424, 1425, 1426, 1427, 1428, 1429, 1430, 1431, 1432, 1433, 1434, 1435, 1436, 1437, 1438, 1439, 1440, 1441, 1442, 1443, 1444, 1445, 1446, 1447]}, "_generate_pdf": {"executed_lines": [1482, 1488, 1490, 1491, 1492, 1495, 1497, 1498, 1505, 1507, 1509, 1510, 1512, 1513, 1515, 1518, 1519, 1521, 1522, 1524, 1525, 1526, 1528], "summary": {"covered_lines": 0, "num_statements": 0, "percent_covered": 100.0, "percent_covered_display": "100", "missing_lines": 0, "excluded_lines": 69, "percent_statements_covered": 100.0, "percent_statements_covered_display": "100"}, "missing_lines": [], "excluded_lines": [1460, 1461, 1462, 1463, 1464, 1465, 1466, 1467, 1468, 1469, 1470, 1471, 1472, 1473, 1474, 1475, 1476, 1477, 1478, 1479, 1480, 1481, 1482, 1483, 1484, 1485, 1486, 1487, 1488, 1489, 1490, 1491, 1492, 1493, 1494, 1495, 1496, 1497, 1498, 1499, 1500, 1501, 1502, 1503, 1504, 1505, 1506, 1507, 1508, 1509, 1510, 1511, 1512, 1513, 1514, 1515, 1516, 1517, 1518, 1519, 1520, 1521, 1522, 1523, 1524, 1525, 1526, 1527, 1528]}, "generate_report": {"executed_lines": [1552, 1553, 1554, 1563, 1564, 1565, 1568, 1577, 1578, 1581, 1582, 1583, 1593, 1594, 1596, 1609, 1618], "summary": {"covered_lines": 17, "num_statements": 23, "percent_covered": 73.91304347826087, "percent_covered_display": "74", "missing_lines": 6, "excluded_lines": 0, "percent_statements_covered": 73.91304347826087, "percent_statements_covered_display": "74"}, "missing_lines": [1610, 1613, 1614, 1615, 1616, 1617], "excluded_lines": []}, "generate_report_data": {"executed_lines": [1647, 1648, 1649, 1658, 1659, 1660, 1663, 1672, 1673, 1676, 1677, 1678, 1691], "summary": {"covered_lines": 13, "num_statements": 15, "percent_covered": 86.66666666666667, "percent_covered_display": "87", "missing_lines": 2, "excluded_lines": 0, "percent_statements_covered": 86.66666666666667, "percent_statements_covered_display": "87"}, "missing_lines": [1688, 1689], "excluded_lines": []}, "_print_symbol_table": {"executed_lines": [], "summary": {"covered_lines": 0, "num_statements": 9, "percent_covered": 0.0, "percent_covered_display": "0", "missing_lines": 9, "excluded_lines": 0, "percent_statements_covered": 0.0, "percent_statements_covered_display": "0"}, "missing_lines": [1710, 1711, 1712, 1713, 1714, 1715, 1716, 1717, 1722], "excluded_lines": []}, "_print_strategy_table": {"executed_lines": [], "summary": {"covered_lines": 0, "num_statements": 9, "percent_covered": 0.0, "percent_covered_display": "0", "missing_lines": 9, "excluded_lines": 0, "percent_statements_covered": 0.0, "percent_statements_covered_display": "0"}, "missing_lines": [1727, 1728, 1729, 1730, 1731, 1732, 1733, 1734, 1738], "excluded_lines": []}, "_print_backtest_section": {"executed_lines": [], "summary": {"covered_lines": 0, "num_statements": 11, "percent_covered": 0.0, "percent_covered_display": "0", "missing_lines": 11, "excluded_lines": 0, "percent_statements_covered": 0.0, "percent_statements_covered_display": "0"}, "missing_lines": [1743, 1744, 1745, 1746, 1747, 1748, 1752, 1753, 1754, 1755, 1758], "excluded_lines": []}, "_print_suggestions": {"executed_lines": [], "summary": {"covered_lines": 0, "num_statements": 16, "percent_covered": 0.0, "percent_covered_display": "0", "missing_lines": 16, "excluded_lines": 0, "percent_statements_covered": 0.0, "percent_statements_covered_display": "0"}, "missing_lines": [1763, 1764, 1765, 1766, 1767, 1768, 1769, 1770, 1771, 1772, 1773, 1775, 1776, 1777, 1778, 1779], "excluded_lines": []}, "_print_report": {"executed_lines": [], "summary": {"covered_lines": 0, "num_statements": 7, "percent_covered": 0.0, "percent_covered_display": "0", "missing_lines": 7, "excluded_lines": 0, "percent_statements_covered": 0.0, "percent_statements_covered_display": "0"}, "missing_lines": [1792, 1829, 1830, 1831, 1832, 1833, 1834], "excluded_lines": []}, "_print_report.print_core_metrics": {"executed_lines": [], "summary": {"covered_lines": 0, "num_statements": 23, "percent_covered": 0.0, "percent_covered_display": "0", "missing_lines": 23, "excluded_lines": 0, "percent_statements_covered": 0.0, "percent_statements_covered_display": "0"}, "missing_lines": [1793, 1794, 1795, 1796, 1797, 1798, 1799, 1800, 1801, 1802, 1803, 1804, 1805, 1806, 1807, 1808, 1809, 1810, 1811, 1812, 1825, 1826, 1827], "excluded_lines": []}, "_md_symbol_section": {"executed_lines": [1844, 1845, 1846, 1852, 1859, 1860], "summary": {"covered_lines": 6, "num_statements": 6, "percent_covered": 100.0, "percent_covered_display": "100", "missing_lines": 0, "excluded_lines": 0, "percent_statements_covered": 100.0, "percent_statements_covered_display": "100"}, "missing_lines": [], "excluded_lines": []}, "_md_strategy_section": {"executed_lines": [1865, 1866, 1867, 1873, 1880, 1881], "summary": {"covered_lines": 6, "num_statements": 6, "percent_covered": 100.0, "percent_covered_display": "100", "missing_lines": 0, "excluded_lines": 0, "percent_statements_covered": 100.0, "percent_statements_covered_display": "100"}, "missing_lines": [], "excluded_lines": []}, "_md_backtest_section": {"executed_lines": [1886, 1887], "summary": {"covered_lines": 2, "num_statements": 8, "percent_covered": 25.0, "percent_covered_display": "25", "missing_lines": 6, "excluded_lines": 0, "percent_statements_covered": 25.0, "percent_statements_covered_display": "25"}, "missing_lines": [1888, 1889, 1897, 1898, 1903, 1904], "excluded_lines": []}, "_md_charts_section": {"executed_lines": [1909, 1911, 1912, 1913, 1914], "summary": {"covered_lines": 5, "num_statements": 6, "percent_covered": 83.33333333333333, "percent_covered_display": "83", "missing_lines": 1, "excluded_lines": 0, "percent_statements_covered": 83.33333333333333, "percent_statements_covered_display": "83"}, "missing_lines": [1910], "excluded_lines": []}, "_build_markdown": {"executed_lines": [1927, 1928, 1929, 1930, 1931, 1932, 1933, 1934, 1935, 1936, 1937, 1939, 1960, 1961, 1962, 1963, 1964, 1965, 1966, 1967, 1969], "summary": {"covered_lines": 21, "num_statements": 21, "percent_covered": 100.0, "percent_covered_display": "100", "missing_lines": 0, "excluded_lines": 0, "percent_statements_covered": 100.0, "percent_statements_covered_display": "100"}, "missing_lines": [], "excluded_lines": []}, "main": {"executed_lines": [], "summary": {"covered_lines": 0, "num_statements": 10, "percent_covered": 0.0, "percent_covered_display": "0", "missing_lines": 10, "excluded_lines": 0, "percent_statements_covered": 0.0, "percent_statements_covered_display": "0"}, "missing_lines": [1979, 1982, 1988, 1994, 1996, 1997, 1998, 1999, 2000, 2001], "excluded_lines": []}, "": {"executed_lines": [2, 22, 24, 25, 26, 27, 28, 29, 30, 31, 33, 35, 36, 37, 44, 45, 46, 47, 49, 50, 52, 53, 54, 55, 56, 58, 62, 63, 65, 74, 75, 78, 81, 84, 85, 86, 87, 88, 91, 92, 93, 94, 95, 96, 97, 100, 101, 102, 103, 110, 124, 129, 138, 160, 185, 208, 227, 247, 280, 312, 313, 316, 333, 349, 350, 351, 352, 355, 365, 379, 394, 411, 423, 435, 479, 533, 567, 598, 624, 660, 711, 776, 804, 814, 876, 882, 888, 918, 940, 973, 1046, 1061, 1066, 1072, 1081, 1099, 1104, 1140, 1163, 1185, 1206, 1221, 1239, 1256, 1292, 1374, 1450, 1531, 1630, 1708, 1725, 1741, 1761, 1782, 1842, 1863, 1884, 1907, 1917, 1977, 2004], "summary": {"covered_lines": 95, "num_statements": 96, "percent_covered": 98.95833333333333, "percent_covered_display": "99", "missing_lines": 1, "excluded_lines": 84, "percent_statements_covered": 98.95833333333333, "percent_statements_covered_display": "99"}, "missing_lines": [2005], "excluded_lines": [43, 59, 60, 66, 67, 479, 480, 481, 533, 534, 535, 567, 568, 569, 598, 599, 600, 624, 625, 626, 660, 661, 662, 711, 712, 713, 776, 777, 778, 804, 805, 806, 814, 815, 816, 1061, 1066, 1072, 1081, 1082, 1083, 1084, 1085, 1086, 1104, 1140, 1141, 1142, 1163, 1164, 1165, 1185, 1206, 1221, 1239, 1256, 1257, 1258, 1259, 1260, 1261, 1262, 1292, 1293, 1294, 1295, 1296, 1297, 1298, 1299, 1300, 1374, 1375, 1376, 1450, 1451, 1452, 1453, 1454, 1455, 1456, 1457, 1458, 1459]}}, "classes": {"": {"executed_lines": [2, 22, 24, 25, 26, 27, 28, 29, 30, 31, 33, 35, 36, 37, 44, 45, 46, 47, 49, 50, 52, 53, 54, 55, 56, 58, 62, 63, 65, 74, 75, 78, 81, 84, 85, 86, 87, 88, 91, 92, 93, 94, 95, 96, 97, 100, 101, 102, 103, 110, 119, 120, 121, 124, 126, 129, 131, 132, 133, 134, 135, 138, 150, 151, 152, 153, 154, 155, 156, 157, 160, 172, 173, 174, 175, 176, 177, 178, 179, 180, 182, 185, 195, 196, 197, 198, 199, 200, 201, 202, 203, 204, 205, 208, 217, 218, 219, 220, 221, 222, 223, 224, 227, 238, 239, 240, 241, 242, 243, 244, 247, 256, 259, 260, 261, 262, 264, 265, 266, 267, 268, 270, 271, 272, 274, 280, 290, 291, 293, 294, 296, 297, 298, 299, 300, 302, 303, 305, 312, 313, 316, 318, 320, 321, 325, 326, 330, 333, 335, 337, 338, 342, 343, 346, 349, 350, 351, 352, 355, 357, 358, 362, 365, 367, 371, 376, 379, 381, 382, 383, 384, 385, 386, 391, 394, 396, 397, 398, 403, 408, 411, 413, 423, 425, 426, 427, 432, 435, 454, 455, 456, 458, 459, 460, 461, 462, 463, 464, 465, 466, 467, 471, 479, 483, 485, 486, 487, 488, 493, 494, 495, 498, 499, 508, 515, 516, 517, 518, 519, 520, 521, 522, 523, 524, 525, 526, 527, 528, 529, 530, 533, 537, 539, 540, 541, 542, 546, 548, 549, 550, 551, 552, 553, 554, 555, 556, 557, 558, 559, 560, 561, 562, 563, 564, 567, 571, 572, 573, 574, 577, 578, 579, 580, 581, 582, 583, 584, 585, 586, 587, 588, 589, 590, 591, 592, 593, 594, 595, 598, 602, 603, 604, 605, 606, 608, 609, 610, 611, 612, 613, 614, 615, 616, 617, 618, 619, 620, 621, 624, 628, 629, 660, 664, 665, 667, 668, 671, 673, 674, 675, 676, 678, 681, 682, 683, 693, 700, 701, 702, 703, 704, 705, 706, 707, 708, 711, 715, 718, 719, 721, 722, 724, 726, 729, 734, 735, 738, 741, 742, 750, 757, 758, 760, 761, 762, 764, 765, 766, 767, 768, 769, 770, 771, 772, 773, 776, 784, 785, 787, 788, 789, 801, 804, 808, 809, 810, 814, 818, 819, 822, 823, 826, 827, 828, 876, 878, 879, 882, 884, 885, 888, 900, 901, 902, 903, 904, 905, 906, 907, 918, 924, 925, 926, 927, 928, 929, 930, 931, 940, 948, 955, 956, 966, 967, 968, 970, 973, 985, 986, 987, 988, 989, 990, 991, 997, 998, 999, 1009, 1010, 1012, 1013, 1014, 1015, 1016, 1017, 1018, 1019, 1020, 1021, 1022, 1023, 1029, 1031, 1041, 1042, 1046, 1061, 1063, 1066, 1068, 1069, 1072, 1074, 1075, 1076, 1077, 1078, 1081, 1088, 1089, 1090, 1091, 1092, 1093, 1094, 1095, 1096, 1099, 1101, 1104, 1106, 1107, 1108, 1109, 1110, 1111, 1112, 1113, 1114, 1115, 1116, 1118, 1119, 1121, 1122, 1140, 1144, 1145, 1146, 1163, 1167, 1168, 1169, 1185, 1206, 1208, 1209, 1210, 1211, 1212, 1213, 1214, 1216, 1217, 1218, 1221, 1223, 1224, 1225, 1226, 1228, 1229, 1230, 1231, 1232, 1233, 1234, 1239, 1245, 1247, 1249, 1251, 1253, 1256, 1264, 1266, 1267, 1271, 1272, 1273, 1274, 1276, 1278, 1281, 1283, 1284, 1286, 1287, 1289, 1292, 1302, 1305, 1306, 1307, 1309, 1310, 1311, 1312, 1315, 1326, 1327, 1328, 1332, 1333, 1334, 1335, 1336, 1337, 1348, 1349, 1350, 1354, 1356, 1358, 1361, 1362, 1363, 1374, 1379, 1380, 1381, 1389, 1392, 1393, 1394, 1395, 1396, 1397, 1398, 1401, 1404, 1405, 1406, 1415, 1418, 1420, 1423, 1424, 1426, 1427, 1429, 1430, 1431, 1433, 1436, 1437, 1438, 1444, 1445, 1447, 1450, 1482, 1488, 1490, 1491, 1492, 1495, 1497, 1498, 1505, 1507, 1509, 1510, 1512, 1513, 1515, 1518, 1519, 1521, 1522, 1524, 1525, 1526, 1528, 1531, 1552, 1553, 1554, 1563, 1564, 1565, 1568, 1577, 1578, 1581, 1582, 1583, 1593, 1594, 1596, 1609, 1618, 1630, 1647, 1648, 1649, 1658, 1659, 1660, 1663, 1672, 1673, 1676, 1677, 1678, 1691, 1708, 1725, 1741, 1761, 1782, 1842, 1844, 1845, 1846, 1852, 1859, 1860, 1863, 1865, 1866, 1867, 1873, 1880, 1881, 1884, 1886, 1887, 1907, 1909, 1911, 1912, 1913, 1914, 1917, 1927, 1928, 1929, 1930, 1931, 1932, 1933, 1934, 1935, 1936, 1937, 1939, 1960, 1961, 1962, 1963, 1964, 1965, 1966, 1967, 1969, 1977, 2004], "summary": {"covered_lines": 345, "num_statements": 453, "percent_covered": 76.15894039735099, "percent_covered_display": "76", "missing_lines": 108, "excluded_lines": 816, "percent_statements_covered": 76.15894039735099, "percent_statements_covered_display": "76"}, "missing_lines": [181, 257, 319, 336, 404, 949, 953, 1610, 1613, 1614, 1615, 1616, 1617, 1688, 1689, 1710, 1711, 1712, 1713, 1714, 1715, 1716, 1717, 1722, 1727, 1728, 1729, 1730, 1731, 1732, 1733, 1734, 1738, 1743, 1744, 1745, 1746, 1747, 1748, 1752, 1753, 1754, 1755, 1758, 1763, 1764, 1765, 1766, 1767, 1768, 1769, 1770, 1771, 1772, 1773, 1775, 1776, 1777, 1778, 1779, 1792, 1793, 1794, 1795, 1796, 1797, 1798, 1799, 1800, 1801, 1802, 1803, 1804, 1805, 1806, 1807, 1808, 1809, 1810, 1811, 1812, 1825, 1826, 1827, 1829, 1830, 1831, 1832, 1833, 1834, 1888, 1889, 1897, 1898, 1903, 1904, 1910, 1979, 1982, 1988, 1994, 1996, 1997, 1998, 1999, 2000, 2001, 2005], "excluded_lines": [43, 59, 60, 66, 67, 479, 480, 481, 482, 483, 484, 485, 486, 487, 488, 489, 490, 491, 492, 493, 494, 495, 496, 497, 498, 499, 500, 501, 502, 503, 504, 505, 506, 507, 508, 509, 510, 511, 512, 513, 514, 515, 516, 517, 518, 519, 520, 521, 522, 523, 524, 525, 526, 527, 528, 529, 530, 533, 534, 535, 536, 537, 538, 539, 540, 541, 542, 543, 544, 545, 546, 547, 548, 549, 550, 551, 552, 553, 554, 555, 556, 557, 558, 559, 560, 561, 562, 563, 564, 567, 568, 569, 570, 571, 572, 573, 574, 575, 576, 577, 578, 579, 580, 581, 582, 583, 584, 585, 586, 587, 588, 589, 590, 591, 592, 593, 594, 595, 598, 599, 600, 601, 602, 603, 604, 605, 606, 607, 608, 609, 610, 611, 612, 613, 614, 615, 616, 617, 618, 619, 620, 621, 624, 625, 626, 627, 628, 629, 630, 631, 632, 633, 634, 635, 636, 637, 638, 639, 640, 641, 642, 643, 644, 645, 646, 647, 648, 649, 650, 651, 652, 653, 654, 655, 656, 657, 660, 661, 662, 663, 664, 665, 666, 667, 668, 669, 670, 671, 672, 673, 674, 675, 676, 677, 678, 679, 680, 681, 682, 683, 684, 685, 686, 687, 688, 689, 690, 691, 692, 693, 694, 695, 696, 697, 698, 699, 700, 701, 702, 703, 704, 705, 706, 707, 708, 711, 712, 713, 714, 715, 716, 717, 718, 719, 720, 721, 722, 723, 724, 725, 726, 727, 728, 729, 730, 731, 732, 733, 734, 735, 736, 737, 738, 739, 740, 741, 742, 743, 744, 745, 746, 747, 748, 749, 750, 751, 752, 753, 754, 755, 756, 757, 758, 759, 760, 761, 762, 763, 764, 765, 766, 767, 768, 769, 770, 771, 772, 773, 776, 777, 778, 779, 780, 781, 782, 783, 784, 785, 786, 787, 788, 789, 790, 791, 792, 793, 794, 795, 796, 797, 798, 799, 800, 801, 804, 805, 806, 807, 808, 809, 810, 811, 814, 815, 816, 817, 818, 819, 820, 821, 822, 823, 824, 825, 826, 827, 828, 829, 830, 831, 832, 833, 834, 835, 836, 837, 838, 839, 840, 841, 842, 843, 844, 845, 846, 847, 848, 849, 850, 851, 852, 853, 854, 855, 856, 857, 858, 859, 860, 861, 862, 863, 864, 865, 866, 867, 868, 956, 966, 967, 968, 1061, 1062, 1063, 1066, 1067, 1068, 1069, 1072, 1073, 1074, 1075, 1076, 1077, 1078, 1081, 1082, 1083, 1084, 1085, 1086, 1087, 1088, 1089, 1090, 1091, 1092, 1093, 1094, 1095, 1096, 1104, 1105, 1106, 1107, 1108, 1109, 1110, 1111, 1112, 1113, 1114, 1115, 1116, 1117, 1118, 1119, 1120, 1121, 1122, 1123, 1124, 1125, 1126, 1127, 1128, 1129, 1130, 1131, 1132, 1133, 1134, 1135, 1136, 1137, 1140, 1141, 1142, 1143, 1144, 1145, 1146, 1147, 1148, 1149, 1150, 1151, 1152, 1153, 1154, 1155, 1156, 1157, 1158, 1159, 1160, 1163, 1164, 1165, 1166, 1167, 1168, 1169, 1170, 1171, 1172, 1173, 1174, 1175, 1176, 1177, 1178, 1179, 1180, 1181, 1182, 1185, 1186, 1187, 1188, 1189, 1190, 1191, 1192, 1193, 1194, 1195, 1196, 1197, 1198, 1199, 1200, 1201, 1202, 1203, 1206, 1207, 1208, 1209, 1210, 1211, 1212, 1213, 1214, 1215, 1216, 1217, 1218, 1221, 1222, 1223, 1224, 1225, 1226, 1227, 1228, 1229, 1230, 1231, 1232, 1233, 1234, 1235, 1236, 1239, 1240, 1241, 1242, 1243, 1244, 1245, 1246, 1247, 1248, 1249, 1250, 1251, 1252, 1253, 1256, 1257, 1258, 1259, 1260, 1261, 1262, 1263, 1264, 1265, 1266, 1267, 1268, 1269, 1270, 1271, 1272, 1273, 1274, 1275, 1276, 1277, 1278, 1279, 1280, 1281, 1282, 1283, 1284, 1285, 1286, 1287, 1288, 1289, 1292, 1293, 1294, 1295, 1296, 1297, 1298, 1299, 1300, 1301, 1302, 1303, 1304, 1305, 1306, 1307, 1308, 1309, 1310, 1311, 1312, 1313, 1314, 1315, 1316, 1317, 1318, 1319, 1320, 1321, 1322, 1323, 1324, 1325, 1326, 1327, 1328, 1329, 1330, 1331, 1332, 1333, 1334, 1335, 1336, 1337, 1338, 1339, 1340, 1341, 1342, 1343, 1344, 1345, 1346, 1347, 1348, 1349, 1350, 1351, 1352, 1353, 1354, 1355, 1356, 1357, 1358, 1359, 1360, 1361, 1362, 1363, 1364, 1365, 1366, 1367, 1368, 1369, 1370, 1371, 1374, 1375, 1376, 1377, 1378, 1379, 1380, 1381, 1382, 1383, 1384, 1385, 1386, 1387, 1388, 1389, 1390, 1391, 1392, 1393, 1394, 1395, 1396, 1397, 1398, 1399, 1400, 1401, 1402, 1403, 1404, 1405, 1406, 1407, 1408, 1409, 1410, 1411, 1412, 1413, 1414, 1415, 1416, 1417, 1418, 1419, 1420, 1421, 1422, 1423, 1424, 1425, 1426, 1427, 1428, 1429, 1430, 1431, 1432, 1433, 1434, 1435, 1436, 1437, 1438, 1439, 1440, 1441, 1442, 1443, 1444, 1445, 1446, 1447, 1450, 1451, 1452, 1453, 1454, 1455, 1456, 1457, 1458, 1459, 1460, 1461, 1462, 1463, 1464, 1465, 1466, 1467, 1468, 1469, 1470, 1471, 1472, 1473, 1474, 1475, 1476, 1477, 1478, 1479, 1480, 1481, 1482, 1483, 1484, 1485, 1486, 1487, 1488, 1489, 1490, 1491, 1492, 1493, 1494, 1495, 1496, 1497, 1498, 1499, 1500, 1501, 1502, 1503, 1504, 1505, 1506, 1507, 1508, 1509, 1510, 1511, 1512, 1513, 1514, 1515, 1516, 1517, 1518, 1519, 1520, 1521, 1522, 1523, 1524, 1525, 1526, 1527, 1528]}}}, "cli/api_test.py": {"executed_lines": [], "summary": {"covered_lines": 0, "num_statements": 137, "percent_covered": 0.0, "percent_covered_display": "0", "missing_lines": 137, "excluded_lines": 0, "percent_statements_covered": 0.0, "percent_statements_covered_display": "0"}, "missing_lines": [7, 8, 9, 10, 12, 14, 16, 34, 40, 42, 43, 44, 45, 46, 48, 49, 50, 51, 52, 53, 54, 56, 57, 58, 59, 60, 61, 63, 67, 68, 71, 77, 78, 80, 82, 84, 85, 86, 89, 90, 91, 92, 93, 95, 96, 98, 99, 100, 101, 102, 104, 106, 107, 108, 111, 113, 114, 116, 117, 118, 119, 120, 122, 123, 125, 128, 130, 140, 146, 149, 152, 161, 164, 165, 168, 171, 172, 173, 174, 175, 176, 177, 178, 179, 182, 186, 187, 190, 191, 192, 193, 196, 211, 212, 213, 215, 216, 217, 220, 228, 229, 232, 233, 234, 237, 239, 248, 249, 252, 253, 254, 256, 257, 259, 262, 286, 289, 290, 292, 294, 295, 297, 298, 303, 304, 307, 309, 310, 311, 312, 313, 314, 315, 316, 317, 320, 321], "excluded_lines": [], "functions": {"check_trade_ready": {"executed_lines": [], "summary": {"covered_lines": 0, "num_statements": 22, "percent_covered": 0.0, "percent_covered_display": "0", "missing_lines": 22, "excluded_lines": 0, "percent_statements_covered": 0.0, "percent_statements_covered_display": "0"}, "missing_lines": [40, 42, 43, 44, 45, 46, 48, 49, 50, 51, 52, 53, 54, 56, 57, 58, 59, 60, 61, 63, 67, 68], "excluded_lines": []}, "test_connection": {"executed_lines": [], "summary": {"covered_lines": 0, "num_statements": 23, "percent_covered": 0.0, "percent_covered_display": "0", "missing_lines": 23, "excluded_lines": 0, "percent_statements_covered": 0.0, "percent_statements_covered_display": "0"}, "missing_lines": [77, 78, 80, 82, 84, 85, 86, 89, 90, 91, 92, 93, 95, 96, 98, 99, 100, 101, 102, 104, 106, 107, 108], "excluded_lines": []}, "run_command": {"executed_lines": [], "summary": {"covered_lines": 0, "num_statements": 10, "percent_covered": 0.0, "percent_covered_display": "0", "missing_lines": 10, "excluded_lines": 0, "percent_statements_covered": 0.0, "percent_statements_covered_display": "0"}, "missing_lines": [113, 114, 116, 117, 118, 119, 120, 122, 123, 125], "excluded_lines": []}, "main": {"executed_lines": [], "summary": {"covered_lines": 0, "num_statements": 4, "percent_covered": 0.0, "percent_covered_display": "0", "missing_lines": 4, "excluded_lines": 0, "percent_statements_covered": 0.0, "percent_statements_covered_display": "0"}, "missing_lines": [130, 140, 146, 149], "excluded_lines": []}, "run_api_command": {"executed_lines": [], "summary": {"covered_lines": 0, "num_statements": 13, "percent_covered": 0.0, "percent_covered_display": "0", "missing_lines": 13, "excluded_lines": 0, "percent_statements_covered": 0.0, "percent_statements_covered_display": "0"}, "missing_lines": [161, 164, 165, 168, 171, 172, 173, 174, 175, 176, 177, 178, 179], "excluded_lines": []}, "_handle_ticker_commands": {"executed_lines": [], "summary": {"covered_lines": 0, "num_statements": 6, "percent_covered": 0.0, "percent_covered_display": "0", "missing_lines": 6, "excluded_lines": 0, "percent_statements_covered": 0.0, "percent_statements_covered_display": "0"}, "missing_lines": [186, 187, 190, 191, 192, 193], "excluded_lines": []}, "_execute_api_command": {"executed_lines": [], "summary": {"covered_lines": 0, "num_statements": 22, "percent_covered": 0.0, "percent_covered_display": "0", "missing_lines": 22, "excluded_lines": 0, "percent_statements_covered": 0.0, "percent_statements_covered_display": "0"}, "missing_lines": [211, 212, 213, 215, 216, 217, 220, 228, 229, 232, 233, 234, 237, 239, 248, 249, 252, 253, 254, 256, 257, 259], "excluded_lines": []}, "run_api_endpoint": {"executed_lines": [], "summary": {"covered_lines": 0, "num_statements": 13, "percent_covered": 0.0, "percent_covered_display": "0", "missing_lines": 13, "excluded_lines": 0, "percent_statements_covered": 0.0, "percent_statements_covered_display": "0"}, "missing_lines": [286, 289, 290, 292, 309, 310, 311, 312, 313, 314, 315, 316, 317], "excluded_lines": []}, "run_api_endpoint._run_endpoint": {"executed_lines": [], "summary": {"covered_lines": 0, "num_statements": 7, "percent_covered": 0.0, "percent_covered_display": "0", "missing_lines": 7, "excluded_lines": 0, "percent_statements_covered": 0.0, "percent_statements_covered_display": "0"}, "missing_lines": [294, 295, 297, 298, 303, 304, 307], "excluded_lines": []}, "": {"executed_lines": [], "summary": {"covered_lines": 0, "num_statements": 17, "percent_covered": 0.0, "percent_covered_display": "0", "missing_lines": 17, "excluded_lines": 0, "percent_statements_covered": 0.0, "percent_statements_covered_display": "0"}, "missing_lines": [7, 8, 9, 10, 12, 14, 16, 34, 71, 111, 128, 152, 182, 196, 262, 320, 321], "excluded_lines": []}}, "classes": {"": {"executed_lines": [], "summary": {"covered_lines": 0, "num_statements": 137, "percent_covered": 0.0, "percent_covered_display": "0", "missing_lines": 137, "excluded_lines": 0, "percent_statements_covered": 0.0, "percent_statements_covered_display": "0"}, "missing_lines": [7, 8, 9, 10, 12, 14, 16, 34, 40, 42, 43, 44, 45, 46, 48, 49, 50, 51, 52, 53, 54, 56, 57, 58, 59, 60, 61, 63, 67, 68, 71, 77, 78, 80, 82, 84, 85, 86, 89, 90, 91, 92, 93, 95, 96, 98, 99, 100, 101, 102, 104, 106, 107, 108, 111, 113, 114, 116, 117, 118, 119, 120, 122, 123, 125, 128, 130, 140, 146, 149, 152, 161, 164, 165, 168, 171, 172, 173, 174, 175, 176, 177, 178, 179, 182, 186, 187, 190, 191, 192, 193, 196, 211, 212, 213, 215, 216, 217, 220, 228, 229, 232, 233, 234, 237, 239, 248, 249, 252, 253, 254, 256, 257, 259, 262, 286, 289, 290, 292, 294, 295, 297, 298, 303, 304, 307, 309, 310, 311, 312, 313, 314, 315, 316, 317, 320, 321], "excluded_lines": []}}}, "cli/backtest.py": {"executed_lines": [], "summary": {"covered_lines": 0, "num_statements": 51, "percent_covered": 0.0, "percent_covered_display": "0", "missing_lines": 51, "excluded_lines": 0, "percent_statements_covered": 0.0, "percent_statements_covered_display": "0"}, "missing_lines": [8, 9, 10, 11, 13, 15, 16, 17, 18, 21, 23, 24, 31, 34, 35, 36, 37, 38, 41, 42, 44, 45, 47, 54, 55, 61, 64, 78, 79, 88, 91, 94, 96, 108, 123, 131, 138, 145, 153, 160, 169, 170, 172, 173, 174, 175, 176, 177, 178, 181, 182], "excluded_lines": [], "functions": {"setup_logging": {"executed_lines": [], "summary": {"covered_lines": 0, "num_statements": 2, "percent_covered": 0.0, "percent_covered_display": "0", "missing_lines": 2, "excluded_lines": 0, "percent_statements_covered": 0.0, "percent_statements_covered_display": "0"}, "missing_lines": [23, 24], "excluded_lines": []}, "run_backtest": {"executed_lines": [], "summary": {"covered_lines": 0, "num_statements": 18, "percent_covered": 0.0, "percent_covered_display": "0", "missing_lines": 18, "excluded_lines": 0, "percent_statements_covered": 0.0, "percent_statements_covered_display": "0"}, "missing_lines": [34, 35, 36, 37, 38, 41, 42, 44, 45, 47, 54, 55, 61, 64, 78, 79, 88, 91], "excluded_lines": []}, "main": {"executed_lines": [], "summary": {"covered_lines": 0, "num_statements": 17, "percent_covered": 0.0, "percent_covered_display": "0", "missing_lines": 17, "excluded_lines": 0, "percent_statements_covered": 0.0, "percent_statements_covered_display": "0"}, "missing_lines": [96, 108, 123, 131, 138, 145, 153, 160, 169, 170, 172, 173, 174, 175, 176, 177, 178], "excluded_lines": []}, "": {"executed_lines": [], "summary": {"covered_lines": 0, "num_statements": 14, "percent_covered": 0.0, "percent_covered_display": "0", "missing_lines": 14, "excluded_lines": 0, "percent_statements_covered": 0.0, "percent_statements_covered_display": "0"}, "missing_lines": [8, 9, 10, 11, 13, 15, 16, 17, 18, 21, 31, 94, 181, 182], "excluded_lines": []}}, "classes": {"": {"executed_lines": [], "summary": {"covered_lines": 0, "num_statements": 51, "percent_covered": 0.0, "percent_covered_display": "0", "missing_lines": 51, "excluded_lines": 0, "percent_statements_covered": 0.0, "percent_statements_covered_display": "0"}, "missing_lines": [8, 9, 10, 11, 13, 15, 16, 17, 18, 21, 23, 24, 31, 34, 35, 36, 37, 38, 41, 42, 44, 45, 47, 54, 55, 61, 64, 78, 79, 88, 91, 94, 96, 108, 123, 131, 138, 145, 153, 160, 169, 170, 172, 173, 174, 175, 176, 177, 178, 181, 182], "excluded_lines": []}}}, "cli/backtest_compare.py": {"executed_lines": [2, 18, 19, 20, 21, 22, 24, 26, 27, 28, 29, 31, 33, 36, 46, 100, 110, 111, 112, 114, 117, 120, 121, 122, 123, 129, 130, 132, 133, 134, 135, 136, 137, 138, 140, 141, 142, 143, 145, 157, 159, 162, 163, 164, 165, 168, 169, 170, 171, 174, 182, 279, 370, 421], "summary": {"covered_lines": 53, "num_statements": 109, "percent_covered": 48.62385321100918, "percent_covered_display": "49", "missing_lines": 56, "excluded_lines": 0, "percent_statements_covered": 48.62385321100918, "percent_statements_covered_display": "49"}, "missing_lines": [38, 39, 71, 84, 189, 190, 191, 192, 193, 194, 197, 198, 200, 201, 202, 204, 206, 207, 208, 210, 211, 213, 214, 215, 217, 218, 219, 221, 228, 235, 246, 264, 266, 271, 281, 293, 299, 307, 317, 324, 331, 339, 346, 355, 358, 396, 398, 401, 412, 413, 414, 415, 416, 417, 418, 422], "excluded_lines": [], "functions": {"setup_logging": {"executed_lines": [], "summary": {"covered_lines": 0, "num_statements": 2, "percent_covered": 0.0, "percent_covered_display": "0", "missing_lines": 2, "excluded_lines": 0, "percent_statements_covered": 0.0, "percent_statements_covered_display": "0"}, "missing_lines": [38, 39], "excluded_lines": []}, "_persist_result": {"executed_lines": [], "summary": {"covered_lines": 0, "num_statements": 2, "percent_covered": 0.0, "percent_covered_display": "0", "missing_lines": 2, "excluded_lines": 0, "percent_statements_covered": 0.0, "percent_statements_covered_display": "0"}, "missing_lines": [71, 84], "excluded_lines": []}, "_print_comparison_table": {"executed_lines": [110, 111, 112, 114, 117, 120, 121, 122, 123, 129, 130, 132, 133, 134, 135, 136, 137, 138, 140, 141, 142, 143, 145, 157, 159, 162, 163, 164, 165, 168, 169, 170, 171, 174], "summary": {"covered_lines": 34, "num_statements": 34, "percent_covered": 100.0, "percent_covered_display": "100", "missing_lines": 0, "excluded_lines": 0, "percent_statements_covered": 100.0, "percent_statements_covered_display": "100"}, "missing_lines": [], "excluded_lines": []}, "run_compare": {"executed_lines": [], "summary": {"covered_lines": 0, "num_statements": 30, "percent_covered": 0.0, "percent_covered_display": "0", "missing_lines": 30, "excluded_lines": 0, "percent_statements_covered": 0.0, "percent_statements_covered_display": "0"}, "missing_lines": [189, 190, 191, 192, 193, 194, 197, 198, 200, 201, 202, 204, 206, 207, 208, 210, 211, 213, 214, 215, 217, 218, 219, 221, 228, 235, 246, 264, 266, 271], "excluded_lines": []}, "main": {"executed_lines": [], "summary": {"covered_lines": 0, "num_statements": 11, "percent_covered": 0.0, "percent_covered_display": "0", "missing_lines": 11, "excluded_lines": 0, "percent_statements_covered": 0.0, "percent_statements_covered_display": "0"}, "missing_lines": [281, 293, 299, 307, 317, 324, 331, 339, 346, 355, 358], "excluded_lines": []}, "run_compare_cli": {"executed_lines": [], "summary": {"covered_lines": 0, "num_statements": 10, "percent_covered": 0.0, "percent_covered_display": "0", "missing_lines": 10, "excluded_lines": 0, "percent_statements_covered": 0.0, "percent_statements_covered_display": "0"}, "missing_lines": [396, 398, 401, 412, 413, 414, 415, 416, 417, 418], "excluded_lines": []}, "": {"executed_lines": [2, 18, 19, 20, 21, 22, 24, 26, 27, 28, 29, 31, 33, 36, 46, 100, 182, 279, 370, 421], "summary": {"covered_lines": 19, "num_statements": 20, "percent_covered": 95.0, "percent_covered_display": "95", "missing_lines": 1, "excluded_lines": 0, "percent_statements_covered": 95.0, "percent_statements_covered_display": "95"}, "missing_lines": [422], "excluded_lines": []}}, "classes": {"": {"executed_lines": [2, 18, 19, 20, 21, 22, 24, 26, 27, 28, 29, 31, 33, 36, 46, 100, 110, 111, 112, 114, 117, 120, 121, 122, 123, 129, 130, 132, 133, 134, 135, 136, 137, 138, 140, 141, 142, 143, 145, 157, 159, 162, 163, 164, 165, 168, 169, 170, 171, 174, 182, 279, 370, 421], "summary": {"covered_lines": 53, "num_statements": 109, "percent_covered": 48.62385321100918, "percent_covered_display": "49", "missing_lines": 56, "excluded_lines": 0, "percent_statements_covered": 48.62385321100918, "percent_statements_covered_display": "49"}, "missing_lines": [38, 39, 71, 84, 189, 190, 191, 192, 193, 194, 197, 198, 200, 201, 202, 204, 206, 207, 208, 210, 211, 213, 214, 215, 217, 218, 219, 221, 228, 235, 246, 264, 266, 271, 281, 293, 299, 307, 317, 324, 331, 339, 346, 355, 358, 396, 398, 401, 412, 413, 414, 415, 416, 417, 418, 422], "excluded_lines": []}}}, "cli/db_manage.py": {"executed_lines": [], "summary": {"covered_lines": 0, "num_statements": 140, "percent_covered": 0.0, "percent_covered_display": "0", "missing_lines": 140, "excluded_lines": 0, "percent_statements_covered": 0.0, "percent_statements_covered_display": "0"}, "missing_lines": [4, 5, 6, 7, 9, 11, 14, 16, 17, 19, 20, 21, 23, 24, 25, 26, 27, 28, 29, 31, 32, 33, 34, 36, 39, 41, 43, 44, 45, 47, 48, 50, 51, 52, 53, 54, 55, 57, 58, 59, 60, 61, 62, 64, 65, 66, 67, 68, 69, 71, 74, 76, 77, 78, 81, 83, 85, 86, 88, 89, 91, 92, 94, 95, 96, 97, 98, 99, 101, 102, 103, 104, 105, 106, 107, 109, 112, 114, 115, 117, 118, 119, 121, 122, 124, 125, 126, 127, 128, 129, 130, 131, 133, 135, 136, 137, 138, 139, 140, 141, 143, 144, 145, 146, 147, 148, 150, 153, 154, 155, 156, 157, 158, 159, 160, 161, 162, 164, 166, 167, 168, 169, 170, 171, 172, 173, 174, 175, 176, 177, 178, 179, 181, 182, 184, 185, 186, 187, 190, 191], "excluded_lines": [], "functions": {"show_analytics": {"executed_lines": [], "summary": {"covered_lines": 0, "num_statements": 17, "percent_covered": 0.0, "percent_covered_display": "0", "missing_lines": 17, "excluded_lines": 0, "percent_statements_covered": 0.0, "percent_statements_covered_display": "0"}, "missing_lines": [16, 17, 19, 20, 21, 23, 24, 25, 26, 27, 28, 29, 31, 32, 33, 34, 36], "excluded_lines": []}, "export_data": {"executed_lines": [], "summary": {"covered_lines": 0, "num_statements": 25, "percent_covered": 0.0, "percent_covered_display": "0", "missing_lines": 25, "excluded_lines": 0, "percent_statements_covered": 0.0, "percent_statements_covered_display": "0"}, "missing_lines": [41, 43, 44, 45, 47, 48, 50, 51, 52, 53, 54, 55, 57, 58, 59, 60, 61, 62, 64, 65, 66, 67, 68, 69, 71], "excluded_lines": []}, "export_csv": {"executed_lines": [], "summary": {"covered_lines": 0, "num_statements": 3, "percent_covered": 0.0, "percent_covered_display": "0", "missing_lines": 3, "excluded_lines": 0, "percent_statements_covered": 0.0, "percent_statements_covered_display": "0"}, "missing_lines": [76, 77, 78], "excluded_lines": []}, "show_stats": {"executed_lines": [], "summary": {"covered_lines": 0, "num_statements": 21, "percent_covered": 0.0, "percent_covered_display": "0", "missing_lines": 21, "excluded_lines": 0, "percent_statements_covered": 0.0, "percent_statements_covered_display": "0"}, "missing_lines": [83, 85, 86, 88, 89, 91, 92, 94, 95, 96, 97, 98, 99, 101, 102, 103, 104, 105, 106, 107, 109], "excluded_lines": []}, "show_backtest_results": {"executed_lines": [], "summary": {"covered_lines": 0, "num_statements": 30, "percent_covered": 0.0, "percent_covered_display": "0", "missing_lines": 30, "excluded_lines": 0, "percent_statements_covered": 0.0, "percent_statements_covered_display": "0"}, "missing_lines": [114, 115, 117, 118, 119, 121, 122, 124, 125, 126, 127, 128, 129, 130, 131, 133, 135, 136, 137, 138, 139, 140, 141, 143, 144, 145, 146, 147, 148, 150], "excluded_lines": []}, "main": {"executed_lines": [], "summary": {"covered_lines": 0, "num_statements": 30, "percent_covered": 0.0, "percent_covered_display": "0", "missing_lines": 30, "excluded_lines": 0, "percent_statements_covered": 0.0, "percent_statements_covered_display": "0"}, "missing_lines": [154, 155, 156, 157, 158, 159, 160, 161, 162, 164, 166, 167, 168, 169, 170, 171, 172, 173, 174, 175, 176, 177, 178, 179, 181, 182, 184, 185, 186, 187], "excluded_lines": []}, "": {"executed_lines": [], "summary": {"covered_lines": 0, "num_statements": 14, "percent_covered": 0.0, "percent_covered_display": "0", "missing_lines": 14, "excluded_lines": 0, "percent_statements_covered": 0.0, "percent_statements_covered_display": "0"}, "missing_lines": [4, 5, 6, 7, 9, 11, 14, 39, 74, 81, 112, 153, 190, 191], "excluded_lines": []}}, "classes": {"": {"executed_lines": [], "summary": {"covered_lines": 0, "num_statements": 140, "percent_covered": 0.0, "percent_covered_display": "0", "missing_lines": 140, "excluded_lines": 0, "percent_statements_covered": 0.0, "percent_statements_covered_display": "0"}, "missing_lines": [4, 5, 6, 7, 9, 11, 14, 16, 17, 19, 20, 21, 23, 24, 25, 26, 27, 28, 29, 31, 32, 33, 34, 36, 39, 41, 43, 44, 45, 47, 48, 50, 51, 52, 53, 54, 55, 57, 58, 59, 60, 61, 62, 64, 65, 66, 67, 68, 69, 71, 74, 76, 77, 78, 81, 83, 85, 86, 88, 89, 91, 92, 94, 95, 96, 97, 98, 99, 101, 102, 103, 104, 105, 106, 107, 109, 112, 114, 115, 117, 118, 119, 121, 122, 124, 125, 126, 127, 128, 129, 130, 131, 133, 135, 136, 137, 138, 139, 140, 141, 143, 144, 145, 146, 147, 148, 150, 153, 154, 155, 156, 157, 158, 159, 160, 161, 162, 164, 166, 167, 168, 169, 170, 171, 172, 173, 174, 175, 176, 177, 178, 179, 181, 182, 184, 185, 186, 187, 190, 191], "excluded_lines": []}}}, "cli/revt.py": {"executed_lines": [], "summary": {"covered_lines": 0, "num_statements": 753, "percent_covered": 0.0, "percent_covered_display": "0", "missing_lines": 753, "excluded_lines": 0, "percent_statements_covered": 0.0, "percent_statements_covered_display": "0"}, "missing_lines": [19, 21, 22, 23, 24, 25, 26, 27, 29, 30, 31, 32, 40, 50, 51, 53, 55, 62, 63, 65, 68, 69, 76, 77, 79, 80, 82, 83, 86, 87, 89, 92, 98, 99, 100, 103, 105, 110, 118, 125, 126, 127, 128, 136, 138, 141, 143, 146, 148, 149, 150, 151, 152, 153, 156, 158, 166, 172, 173, 175, 176, 178, 179, 180, 181, 183, 184, 185, 186, 188, 190, 191, 194, 196, 197, 198, 199, 200, 201, 202, 204, 205, 206, 208, 209, 210, 211, 212, 213, 216, 225, 226, 228, 229, 230, 231, 233, 234, 235, 236, 238, 241, 245, 246, 248, 249, 250, 251, 260, 262, 264, 267, 277, 278, 280, 281, 284, 285, 286, 289, 290, 291, 294, 295, 296, 299, 300, 301, 304, 306, 307, 308, 311, 313, 314, 315, 316, 317, 318, 319, 320, 321, 322, 323, 324, 325, 333, 335, 336, 337, 338, 339, 341, 342, 345, 354, 356, 357, 358, 360, 361, 362, 363, 364, 365, 366, 367, 368, 369, 370, 371, 374, 376, 378, 379, 390, 397, 399, 400, 401, 404, 405, 407, 408, 409, 410, 411, 413, 416, 419, 420, 422, 423, 426, 428, 429, 430, 431, 432, 433, 435, 436, 437, 438, 446, 452, 454, 457, 458, 459, 460, 462, 463, 464, 465, 467, 469, 470, 472, 473, 474, 484, 485, 495, 496, 497, 498, 500, 503, 508, 510, 511, 512, 513, 514, 515, 516, 517, 519, 520, 521, 522, 525, 540, 542, 559, 561, 563, 564, 565, 566, 568, 571, 573, 575, 576, 577, 579, 580, 582, 583, 584, 585, 586, 588, 589, 593, 594, 595, 598, 600, 601, 602, 603, 604, 605, 606, 609, 611, 612, 615, 616, 617, 618, 619, 621, 622, 623, 625, 626, 636, 637, 638, 648, 649, 651, 652, 653, 664, 665, 666, 669, 671, 672, 674, 675, 676, 677, 679, 681, 682, 683, 684, 685, 687, 688, 696, 697, 699, 700, 702, 710, 712, 713, 715, 716, 717, 718, 719, 720, 721, 722, 725, 727, 728, 730, 731, 732, 733, 744, 745, 746, 749, 751, 752, 755, 757, 758, 759, 760, 761, 763, 771, 772, 774, 775, 776, 779, 781, 782, 784, 785, 786, 787, 788, 789, 790, 791, 792, 793, 794, 795, 797, 803, 804, 806, 823, 824, 825, 826, 828, 829, 832, 834, 835, 837, 838, 839, 841, 842, 850, 858, 865, 866, 867, 868, 869, 870, 872, 873, 876, 877, 878, 879, 880, 882, 883, 884, 885, 888, 889, 892, 893, 894, 897, 899, 915, 922, 923, 925, 927, 930, 932, 933, 934, 935, 936, 937, 941, 942, 944, 945, 947, 948, 949, 950, 951, 952, 955, 956, 957, 958, 960, 961, 962, 963, 964, 965, 966, 967, 975, 982, 984, 986, 987, 989, 991, 992, 994, 996, 997, 999, 1001, 1002, 1004, 1006, 1007, 1009, 1014, 1015, 1017, 1019, 1020, 1022, 1023, 1024, 1027, 1036, 1038, 1039, 1041, 1042, 1043, 1044, 1045, 1047, 1048, 1049, 1051, 1052, 1053, 1056, 1066, 1067, 1068, 1069, 1071, 1073, 1075, 1076, 1079, 1082, 1083, 1086, 1087, 1088, 1089, 1090, 1091, 1092, 1095, 1096, 1097, 1099, 1100, 1101, 1102, 1103, 1105, 1106, 1108, 1109, 1110, 1111, 1112, 1113, 1114, 1115, 1116, 1117, 1118, 1119, 1121, 1122, 1123, 1124, 1125, 1126, 1127, 1128, 1129, 1130, 1131, 1134, 1140, 1141, 1143, 1144, 1145, 1148, 1150, 1151, 1154, 1156, 1158, 1159, 1161, 1162, 1163, 1165, 1166, 1167, 1168, 1169, 1171, 1172, 1175, 1178, 1179, 1182, 1185, 1187, 1188, 1194, 1195, 1196, 1197, 1200, 1202, 1210, 1218, 1221, 1227, 1234, 1235, 1236, 1242, 1243, 1244, 1245, 1246, 1247, 1248, 1249, 1250, 1251, 1253, 1256, 1258, 1259, 1261, 1264, 1273, 1274, 1277, 1279, 1280, 1282, 1283, 1284, 1285, 1286, 1289, 1296, 1297, 1299, 1302, 1303, 1310, 1311, 1312, 1313, 1314, 1320, 1321, 1322, 1323, 1325, 1326, 1327, 1330, 1331, 1332, 1338, 1339, 1341, 1342, 1343, 1344, 1345, 1346, 1347, 1350, 1351, 1352, 1353, 1355, 1356, 1357, 1358, 1361, 1380, 1381, 1383, 1390, 1393, 1395, 1407, 1409, 1468, 1471, 1472, 1473, 1487, 1494, 1499, 1505, 1512, 1519, 1524, 1527, 1528, 1529, 1534, 1535, 1538, 1552, 1556, 1563, 1571, 1578, 1584, 1591, 1597, 1600, 1601, 1602, 1603, 1606, 1609, 1612, 1613, 1614, 1616, 1618, 1619, 1620, 1622, 1624, 1625, 1627, 1630, 1634, 1635, 1662, 1663, 1664, 1665, 1673, 1674, 1675, 1678, 1679, 1680, 1682, 1684, 1685, 1687, 1688, 1692, 1694, 1695, 1696, 1703, 1704, 1706, 1709, 1710, 1711, 1712, 1713, 1720, 1723, 1727, 1729, 1737, 1743, 1744, 1746, 1747, 1748, 1750, 1751, 1752, 1753, 1754, 1755, 1756, 1757, 1758, 1759, 1762, 1763], "excluded_lines": [], "functions": {"_detect_env": {"executed_lines": [], "summary": {"covered_lines": 0, "num_statements": 18, "percent_covered": 0.0, "percent_covered_display": "0", "missing_lines": 18, "excluded_lines": 0, "percent_statements_covered": 0.0, "percent_statements_covered_display": "0"}, "missing_lines": [50, 51, 53, 55, 62, 63, 65, 68, 69, 76, 77, 79, 80, 82, 83, 86, 87, 89], "excluded_lines": []}, "_resolve_env": {"executed_lines": [], "summary": {"covered_lines": 0, "num_statements": 3, "percent_covered": 0.0, "percent_covered_display": "0", "missing_lines": 3, "excluded_lines": 0, "percent_statements_covered": 0.0, "percent_statements_covered_display": "0"}, "missing_lines": [98, 99, 100], "excluded_lines": []}, "_env_badge": {"executed_lines": [], "summary": {"covered_lines": 0, "num_statements": 2, "percent_covered": 0.0, "percent_covered_display": "0", "missing_lines": 2, "excluded_lines": 0, "percent_statements_covered": 0.0, "percent_statements_covered_display": "0"}, "missing_lines": [105, 110], "excluded_lines": []}, "_error": {"executed_lines": [], "summary": {"covered_lines": 0, "num_statements": 4, "percent_covered": 0.0, "percent_covered_display": "0", "missing_lines": 4, "excluded_lines": 0, "percent_statements_covered": 0.0, "percent_statements_covered_display": "0"}, "missing_lines": [125, 126, 127, 128], "excluded_lines": []}, "_op_creds_item": {"executed_lines": [], "summary": {"covered_lines": 0, "num_statements": 1, "percent_covered": 0.0, "percent_covered_display": "0", "missing_lines": 1, "excluded_lines": 0, "percent_statements_covered": 0.0, "percent_statements_covered_display": "0"}, "missing_lines": [138], "excluded_lines": []}, "_op_config_item": {"executed_lines": [], "summary": {"covered_lines": 0, "num_statements": 1, "percent_covered": 0.0, "percent_covered_display": "0", "missing_lines": 1, "excluded_lines": 0, "percent_statements_covered": 0.0, "percent_statements_covered_display": "0"}, "missing_lines": [143], "excluded_lines": []}, "_check_op": {"executed_lines": [], "summary": {"covered_lines": 0, "num_statements": 6, "percent_covered": 0.0, "percent_covered_display": "0", "missing_lines": 6, "excluded_lines": 0, "percent_statements_covered": 0.0, "percent_statements_covered_display": "0"}, "missing_lines": [148, 149, 150, 151, 152, 153], "excluded_lines": []}, "_op": {"executed_lines": [], "summary": {"covered_lines": 0, "num_statements": 1, "percent_covered": 0.0, "percent_covered_display": "0", "missing_lines": 1, "excluded_lines": 0, "percent_statements_covered": 0.0, "percent_statements_covered_display": "0"}, "missing_lines": [158], "excluded_lines": []}, "_read_update_cache": {"executed_lines": [], "summary": {"covered_lines": 0, "num_statements": 15, "percent_covered": 0.0, "percent_covered_display": "0", "missing_lines": 15, "excluded_lines": 0, "percent_statements_covered": 0.0, "percent_statements_covered_display": "0"}, "missing_lines": [172, 173, 175, 176, 178, 179, 180, 181, 183, 184, 185, 186, 188, 190, 191], "excluded_lines": []}, "_get_current_version_from_pyproject": {"executed_lines": [], "summary": {"covered_lines": 0, "num_statements": 16, "percent_covered": 0.0, "percent_covered_display": "0", "missing_lines": 16, "excluded_lines": 0, "percent_statements_covered": 0.0, "percent_statements_covered_display": "0"}, "missing_lines": [196, 197, 198, 199, 200, 201, 202, 204, 205, 206, 208, 209, 210, 211, 212, 213], "excluded_lines": []}, "_get_latest_github_release": {"executed_lines": [], "summary": {"covered_lines": 0, "num_statements": 11, "percent_covered": 0.0, "percent_covered_display": "0", "missing_lines": 11, "excluded_lines": 0, "percent_statements_covered": 0.0, "percent_statements_covered_display": "0"}, "missing_lines": [225, 226, 228, 229, 230, 231, 233, 234, 235, 236, 238], "excluded_lines": []}, "_write_update_cache": {"executed_lines": [], "summary": {"covered_lines": 0, "num_statements": 9, "percent_covered": 0.0, "percent_covered_display": "0", "missing_lines": 9, "excluded_lines": 0, "percent_statements_covered": 0.0, "percent_statements_covered_display": "0"}, "missing_lines": [245, 246, 248, 249, 250, 251, 260, 262, 264], "excluded_lines": []}, "_check_for_updates": {"executed_lines": [], "summary": {"covered_lines": 0, "num_statements": 20, "percent_covered": 0.0, "percent_covered_display": "0", "missing_lines": 20, "excluded_lines": 0, "percent_statements_covered": 0.0, "percent_statements_covered_display": "0"}, "missing_lines": [277, 278, 280, 281, 284, 285, 286, 289, 290, 291, 294, 295, 296, 299, 300, 301, 304, 306, 307, 308], "excluded_lines": []}, "_show_update_notification": {"executed_lines": [], "summary": {"covered_lines": 0, "num_statements": 13, "percent_covered": 0.0, "percent_covered_display": "0", "missing_lines": 13, "excluded_lines": 0, "percent_statements_covered": 0.0, "percent_statements_covered_display": "0"}, "missing_lines": [313, 314, 315, 316, 317, 318, 319, 320, 321, 322, 323, 324, 325], "excluded_lines": []}, "_print_run_config": {"executed_lines": [], "summary": {"covered_lines": 0, "num_statements": 7, "percent_covered": 0.0, "percent_covered_display": "0", "missing_lines": 7, "excluded_lines": 0, "percent_statements_covered": 0.0, "percent_statements_covered_display": "0"}, "missing_lines": [335, 336, 337, 338, 339, 341, 342], "excluded_lines": []}, "_handle_live_mode_confirmation": {"executed_lines": [], "summary": {"covered_lines": 0, "num_statements": 16, "percent_covered": 0.0, "percent_covered_display": "0", "missing_lines": 16, "excluded_lines": 0, "percent_statements_covered": 0.0, "percent_statements_covered_display": "0"}, "missing_lines": [354, 356, 357, 358, 360, 361, 362, 363, 364, 365, 366, 367, 368, 369, 370, 371], "excluded_lines": []}, "_setup_logger": {"executed_lines": [], "summary": {"covered_lines": 0, "num_statements": 3, "percent_covered": 0.0, "percent_covered_display": "0", "missing_lines": 3, "excluded_lines": 0, "percent_statements_covered": 0.0, "percent_statements_covered_display": "0"}, "missing_lines": [376, 378, 379], "excluded_lines": []}, "cmd_run": {"executed_lines": [], "summary": {"covered_lines": 0, "num_statements": 28, "percent_covered": 0.0, "percent_covered_display": "0", "missing_lines": 28, "excluded_lines": 0, "percent_statements_covered": 0.0, "percent_statements_covered_display": "0"}, "missing_lines": [397, 399, 400, 401, 404, 405, 407, 408, 409, 410, 411, 413, 416, 419, 420, 422, 423, 426, 428, 429, 430, 431, 432, 433, 435, 436, 437, 438], "excluded_lines": []}, "cmd_backtest": {"executed_lines": [], "summary": {"covered_lines": 0, "num_statements": 23, "percent_covered": 0.0, "percent_covered_display": "0", "missing_lines": 23, "excluded_lines": 0, "percent_statements_covered": 0.0, "percent_statements_covered_display": "0"}, "missing_lines": [452, 454, 457, 458, 459, 460, 462, 463, 464, 465, 467, 469, 470, 472, 473, 474, 484, 485, 495, 496, 497, 498, 500], "excluded_lines": []}, "_backtest_single": {"executed_lines": [], "summary": {"covered_lines": 0, "num_statements": 13, "percent_covered": 0.0, "percent_covered_display": "0", "missing_lines": 13, "excluded_lines": 0, "percent_statements_covered": 0.0, "percent_statements_covered_display": "0"}, "missing_lines": [508, 510, 511, 512, 513, 514, 515, 516, 517, 519, 520, 521, 522], "excluded_lines": []}, "_run_compare_cli": {"executed_lines": [], "summary": {"covered_lines": 0, "num_statements": 2, "percent_covered": 0.0, "percent_covered_display": "0", "missing_lines": 2, "excluded_lines": 0, "percent_statements_covered": 0.0, "percent_statements_covered_display": "0"}, "missing_lines": [540, 542], "excluded_lines": []}, "cmd_ops": {"executed_lines": [], "summary": {"covered_lines": 0, "num_statements": 6, "percent_covered": 0.0, "percent_covered_display": "0", "missing_lines": 6, "excluded_lines": 0, "percent_statements_covered": 0.0, "percent_statements_covered_display": "0"}, "missing_lines": [561, 563, 564, 565, 566, 568], "excluded_lines": []}, "_ops_status": {"executed_lines": [], "summary": {"covered_lines": 0, "num_statements": 16, "percent_covered": 0.0, "percent_covered_display": "0", "missing_lines": 16, "excluded_lines": 0, "percent_statements_covered": 0.0, "percent_statements_covered_display": "0"}, "missing_lines": [573, 575, 576, 577, 579, 580, 582, 583, 584, 585, 586, 588, 589, 593, 594, 595], "excluded_lines": []}, "_mask_secret": {"executed_lines": [], "summary": {"covered_lines": 0, "num_statements": 7, "percent_covered": 0.0, "percent_covered_display": "0", "missing_lines": 7, "excluded_lines": 0, "percent_statements_covered": 0.0, "percent_statements_covered_display": "0"}, "missing_lines": [600, 601, 602, 603, 604, 605, 606], "excluded_lines": []}, "_ops_show": {"executed_lines": [], "summary": {"covered_lines": 0, "num_statements": 23, "percent_covered": 0.0, "percent_covered_display": "0", "missing_lines": 23, "excluded_lines": 0, "percent_statements_covered": 0.0, "percent_statements_covered_display": "0"}, "missing_lines": [611, 612, 615, 616, 617, 618, 619, 621, 622, 623, 625, 626, 636, 637, 638, 648, 649, 651, 652, 653, 664, 665, 666], "excluded_lines": []}, "_ops_set_creds": {"executed_lines": [], "summary": {"covered_lines": 0, "num_state
[...]
s": [1, 23, 24, 25, 26, 28, 30, 34, 35, 38, 48, 51, 61, 62, 63, 66, 82, 98, 108, 110, 113, 122, 123, 124, 125, 126, 127, 128, 133, 134, 135, 138, 151, 152, 153, 156, 157, 158, 159, 162, 163, 173, 174, 175, 176, 178, 184, 185, 186, 188, 189, 190, 194, 196, 197, 199, 201, 202, 246, 248, 249, 250, 251, 253, 254, 258, 260, 262, 263, 264, 265, 266, 267, 268, 270, 272, 275, 276, 277, 278, 279, 280, 281, 283, 285, 286, 287, 291, 294, 309, 324, 329, 343], "summary": {"covered_lines": 91, "num_statements": 120, "percent_covered": 75.83333333333333, "percent_covered_display": "76", "missing_lines": 29, "excluded_lines": 0, "percent_statements_covered": 75.83333333333333, "percent_statements_covered_display": "76"}, "missing_lines": [79, 95, 109, 209, 210, 212, 213, 214, 219, 220, 221, 222, 223, 228, 229, 230, 231, 232, 234, 235, 236, 242, 243, 244, 306, 321, 326, 340, 345], "excluded_lines": [], "functions": {"get_credentials_item": {"executed_lines": [61, 62, 63], "summary": {"covered_lines": 3, "num_statements": 3, "percent_covered": 100.0, "percent_covered_display": "100", "missing_lines": 0, "excluded_lines": 0, "percent_statements_covered": 100.0, "percent_statements_covered_display": "100"}, "missing_lines": [], "excluded_lines": []}, "get_risk_item": {"executed_lines": [], "summary": {"covered_lines": 0, "num_statements": 1, "percent_covered": 0.0, "percent_covered_display": "0", "missing_lines": 1, "excluded_lines": 0, "percent_statements_covered": 0.0, "percent_statements_covered_display": "0"}, "missing_lines": [79], "excluded_lines": []}, "get_strategy_item": {"executed_lines": [], "summary": {"covered_lines": 0, "num_statements": 1, "percent_covered": 0.0, "percent_covered_display": "0", "missing_lines": 1, "excluded_lines": 0, "percent_statements_covered": 0.0, "percent_statements_covered_display": "0"}, "missing_lines": [95], "excluded_lines": []}, "get_config_item": {"executed_lines": [108, 110], "summary": {"covered_lines": 2, "num_statements": 3, "percent_covered": 66.66666666666667, "percent_covered_display": "67", "missing_lines": 1, "excluded_lines": 0, "percent_statements_covered": 66.66666666666667, "percent_statements_covered_display": "67"}, "missing_lines": [109], "excluded_lines": []}, "_fetch_item_fields": {"executed_lines": [122, 123, 124, 125, 126, 127, 128, 133, 134, 135], "summary": {"covered_lines": 10, "num_statements": 10, "percent_covered": 100.0, "percent_covered_display": "100", "missing_lines": 0, "excluded_lines": 0, "percent_statements_covered": 100.0, "percent_statements_covered_display": "100"}, "missing_lines": [], "excluded_lines": []}, "_run_op": {"executed_lines": [151, 152, 153, 156, 157, 158, 159], "summary": {"covered_lines": 7, "num_statements": 7, "percent_covered": 100.0, "percent_covered_display": "100", "missing_lines": 0, "excluded_lines": 0, "percent_statements_covered": 100.0, "percent_statements_covered_display": "100"}, "missing_lines": [], "excluded_lines": []}, "_VaultCache.__init__": {"executed_lines": [174, 175, 176], "summary": {"covered_lines": 3, "num_statements": 3, "percent_covered": 100.0, "percent_covered_display": "100", "missing_lines": 0, "excluded_lines": 0, "percent_statements_covered": 100.0, "percent_statements_covered_display": "100"}, "missing_lines": [], "excluded_lines": []}, "_VaultCache.is_available": {"executed_lines": [184, 185, 186, 188, 189, 190, 194], "summary": {"covered_lines": 7, "num_statements": 7, "percent_covered": 100.0, "percent_covered_display": "100", "missing_lines": 0, "excluded_lines": 0, "percent_statements_covered": 100.0, "percent_statements_covered_display": "100"}, "missing_lines": [], "excluded_lines": []}, "_VaultCache._is_stale": {"executed_lines": [197], "summary": {"covered_lines": 1, "num_statements": 1, "percent_covered": 100.0, "percent_covered_display": "100", "missing_lines": 0, "excluded_lines": 0, "percent_statements_covered": 100.0, "percent_statements_covered_display": "100"}, "missing_lines": [], "excluded_lines": []}, "_VaultCache._refresh": {"executed_lines": [201, 202], "summary": {"covered_lines": 2, "num_statements": 23, "percent_covered": 8.695652173913043, "percent_covered_display": "9", "missing_lines": 21, "excluded_lines": 0, "percent_statements_covered": 8.695652173913043, "percent_statements_covered_display": "9"}, "missing_lines": [209, 210, 212, 213, 214, 219, 220, 221, 222, 223, 228, 229, 230, 231, 232, 234, 235, 236, 242, 243, 244], "excluded_lines": []}, "_VaultCache.get": {"executed_lines": [248, 249, 250, 251, 253, 254, 258], "summary": {"covered_lines": 7, "num_statements": 7, "percent_covered": 100.0, "percent_covered_display": "100", "missing_lines": 0, "excluded_lines": 0, "percent_statements_covered": 100.0, "percent_statements_covered_display": "100"}, "missing_lines": [], "excluded_lines": []}, "_VaultCache.get_optional": {"executed_lines": [262, 263, 264, 265, 266, 267, 268], "summary": {"covered_lines": 7, "num_statements": 7, "percent_covered": 100.0, "percent_covered_display": "100", "missing_lines": 0, "excluded_lines": 0, "percent_statements_covered": 100.0, "percent_statements_covered_display": "100"}, "missing_lines": [], "excluded_lines": []}, "_VaultCache.set_credential": {"executed_lines": [272, 275, 276, 277, 278, 279, 280, 281], "summary": {"covered_lines": 8, "num_statements": 8, "percent_covered": 100.0, "percent_covered_display": "100", "missing_lines": 0, "excluded_lines": 0, "percent_statements_covered": 100.0, "percent_statements_covered_display": "100"}, "missing_lines": [], "excluded_lines": []}, "_VaultCache.invalidate": {"executed_lines": [285, 286, 287], "summary": {"covered_lines": 3, "num_statements": 3, "percent_covered": 100.0, "percent_covered_display": "100", "missing_lines": 0, "excluded_lines": 0, "percent_statements_covered": 100.0, "percent_statements_covered_display": "100"}, "missing_lines": [], "excluded_lines": []}, "get": {"executed_lines": [], "summary": {"covered_lines": 0, "num_statements": 1, "percent_covered": 0.0, "percent_covered_display": "0", "missing_lines": 1, "excluded_lines": 0, "percent_statements_covered": 0.0, "percent_statements_covered_display": "0"}, "missing_lines": [306], "excluded_lines": []}, "get_optional": {"executed_lines": [], "summary": {"covered_lines": 0, "num_statements": 1, "percent_covered": 0.0, "percent_covered_display": "0", "missing_lines": 1, "excluded_lines": 0, "percent_statements_covered": 0.0, "percent_statements_covered_display": "0"}, "missing_lines": [321], "excluded_lines": []}, "is_available": {"executed_lines": [], "summary": {"covered_lines": 0, "num_statements": 1, "percent_covered": 0.0, "percent_covered_display": "0", "missing_lines": 1, "excluded_lines": 0, "percent_statements_covered": 0.0, "percent_statements_covered_display": "0"}, "missing_lines": [326], "excluded_lines": []}, "set_credential": {"executed_lines": [], "summary": {"covered_lines": 0, "num_statements": 1, "percent_covered": 0.0, "percent_covered_display": "0", "missing_lines": 1, "excluded_lines": 0, "percent_statements_covered": 0.0, "percent_statements_covered_display": "0"}, "missing_lines": [340], "excluded_lines": []}, "invalidate_cache": {"executed_lines": [], "summary": {"covered_lines": 0, "num_statements": 1, "percent_covered": 0.0, "percent_covered_display": "0", "missing_lines": 1, "excluded_lines": 0, "percent_statements_covered": 0.0, "percent_statements_covered_display": "0"}, "missing_lines": [345], "excluded_lines": []}, "": {"executed_lines": [1, 23, 24, 25, 26, 28, 30, 34, 35, 38, 48, 51, 66, 82, 98, 113, 138, 162, 163, 173, 178, 196, 199, 246, 260, 270, 283, 291, 294, 309, 324, 329, 343], "summary": {"covered_lines": 31, "num_statements": 31, "percent_covered": 100.0, "percent_covered_display": "100", "missing_lines": 0, "excluded_lines": 0, "percent_statements_covered": 100.0, "percent_statements_covered_display": "100"}, "missing_lines": [], "excluded_lines": []}}, "classes": {"_VaultCache": {"executed_lines": [174, 175, 176, 184, 185, 186, 188, 189, 190, 194, 197, 201, 202, 248, 249, 250, 251, 253, 254, 258, 262, 263, 264, 265, 266, 267, 268, 272, 275, 276, 277, 278, 279, 280, 281, 285, 286, 287], "summary": {"covered_lines": 38, "num_statements": 59, "percent_covered": 64.40677966101696, "percent_covered_display": "64", "missing_lines": 21, "excluded_lines": 0, "percent_statements_covered": 64.40677966101696, "percent_statements_covered_display": "64"}, "missing_lines": [209, 210, 212, 213, 214, 219, 220, 221, 222, 223, 228, 229, 230, 231, 232, 234, 235, 236, 242, 243, 244], "excluded_lines": []}, "": {"executed_lines": [1, 23, 24, 25, 26, 28, 30, 34, 35, 38, 48, 51, 61, 62, 63, 66, 82, 98, 108, 110, 113, 122, 123, 124, 125, 126, 127, 128, 133, 134, 135, 138, 151, 152, 153, 156, 157, 158, 159, 162, 163, 173, 178, 196, 199, 246, 260, 270, 283, 291, 294, 309, 324, 329, 343], "summary": {"covered_lines": 53, "num_statements": 61, "percent_covered": 86.88524590163935, "percent_covered_display": "87", "missing_lines": 8, "excluded_lines": 0, "percent_statements_covered": 86.88524590163935, "percent_statements_covered_display": "87"}, "missing_lines": [79, 95, 109, 306, 321, 326, 340, 345], "excluded_lines": []}}}, "src/utils/rate_limiter.py": {"executed_lines": [1, 3, 4, 5, 6, 9, 10, 16, 31, 32, 33, 34, 35, 36, 38, 45, 46, 47, 54, 55, 57, 58, 62, 63, 64, 66, 68, 70, 72, 73, 75, 76, 77, 78, 80, 81, 83], "summary": {"covered_lines": 35, "num_statements": 35, "percent_covered": 100.0, "percent_covered_display": "100", "missing_lines": 0, "excluded_lines": 0, "percent_statements_covered": 100.0, "percent_statements_covered_display": "100"}, "missing_lines": [], "excluded_lines": [], "functions": {"RateLimiter.__init__": {"executed_lines": [31, 32, 33, 34, 35, 36], "summary": {"covered_lines": 6, "num_statements": 6, "percent_covered": 100.0, "percent_covered_display": "100", "missing_lines": 0, "excluded_lines": 0, "percent_statements_covered": 100.0, "percent_statements_covered_display": "100"}, "missing_lines": [], "excluded_lines": []}, "RateLimiter.acquire": {"executed_lines": [45, 46, 47, 54, 55, 57, 58, 62, 63, 64, 66], "summary": {"covered_lines": 11, "num_statements": 11, "percent_covered": 100.0, "percent_covered_display": "100", "missing_lines": 0, "excluded_lines": 0, "percent_statements_covered": 100.0, "percent_statements_covered_display": "100"}, "missing_lines": [], "excluded_lines": []}, "RateLimiter.reset": {"executed_lines": [70], "summary": {"covered_lines": 1, "num_statements": 1, "percent_covered": 100.0, "percent_covered_display": "100", "missing_lines": 0, "excluded_lines": 0, "percent_statements_covered": 100.0, "percent_statements_covered_display": "100"}, "missing_lines": [], "excluded_lines": []}, "RateLimiter.current_usage": {"executed_lines": [75, 76, 77, 78], "summary": {"covered_lines": 4, "num_statements": 4, "percent_covered": 100.0, "percent_covered_display": "100", "missing_lines": 0, "excluded_lines": 0, "percent_statements_covered": 100.0, "percent_statements_covered_display": "100"}, "missing_lines": [], "excluded_lines": []}, "RateLimiter.available_requests": {"executed_lines": [83], "summary": {"covered_lines": 1, "num_statements": 1, "percent_covered": 100.0, "percent_covered_display": "100", "missing_lines": 0, "excluded_lines": 0, "percent_statements_covered": 100.0, "percent_statements_covered_display": "100"}, "missing_lines": [], "excluded_lines": []}, "": {"executed_lines": [1, 3, 4, 5, 6, 9, 10, 16, 38, 68, 72, 73, 80, 81], "summary": {"covered_lines": 12, "num_statements": 12, "percent_covered": 100.0, "percent_covered_display": "100", "missing_lines": 0, "excluded_lines": 0, "percent_statements_covered": 100.0, "percent_statements_covered_display": "100"}, "missing_lines": [], "excluded_lines": []}}, "classes": {"RateLimiter": {"executed_lines": [31, 32, 33, 34, 35, 36, 45, 46, 47, 54, 55, 57, 58, 62, 63, 64, 66, 70, 75, 76, 77, 78, 83], "summary": {"covered_lines": 23, "num_statements": 23, "percent_covered": 100.0, "percent_covered_display": "100", "missing_lines": 0, "excluded_lines": 0, "percent_statements_covered": 100.0, "percent_statements_covered_display": "100"}, "missing_lines": [], "excluded_lines": []}, "": {"executed_lines": [1, 3, 4, 5, 6, 9, 10, 16, 38, 68, 72, 73, 80, 81], "summary": {"covered_lines": 12, "num_statements": 12, "percent_covered": 100.0, "percent_covered_display": "100", "missing_lines": 0, "excluded_lines": 0, "percent_statements_covered": 100.0, "percent_statements_covered_display": "100"}, "missing_lines": [], "excluded_lines": []}}}, "src/utils/telegram.py": {"executed_lines": [1, 16, 17, 18, 19, 21, 22, 24, 27, 28, 40, 41, 43, 51, 52, 53, 54, 55, 57, 66, 67, 68, 76, 77, 78, 79, 81, 96, 97, 105, 118, 119, 120, 126, 136, 137, 139, 140, 142, 144, 152, 153, 154, 156, 158, 164, 166, 178, 179, 187, 189, 200, 206, 223, 224, 225, 230, 231, 232, 233, 235, 260, 261, 262, 264, 276, 278, 287, 289, 301, 303, 304, 308, 316, 317, 318, 319, 320, 321, 322, 325, 326, 327, 329, 346, 347, 348, 349, 350, 351, 352, 353, 354, 355, 356, 358, 362, 363, 365, 366, 367, 372], "summary": {"covered_lines": 100, "num_statements": 102, "percent_covered": 98.03921568627452, "percent_covered_display": "98", "missing_lines": 2, "excluded_lines": 0, "percent_statements_covered": 98.03921568627452, "percent_statements_covered_display": "98"}, "missing_lines": [323, 324], "excluded_lines": [], "functions": {"TelegramNotifier.__init__": {"executed_lines": [51, 52, 53, 54, 55], "summary": {"covered_lines": 5, "num_statements": 5, "percent_covered": 100.0, "percent_covered_display": "100", "missing_lines": 0, "excluded_lines": 0, "percent_statements_covered": 100.0, "percent_statements_covered_display": "100"}, "missing_lines": [], "excluded_lines": []}, "TelegramNotifier._send": {"executed_lines": [66, 67, 68, 76, 77, 78, 79], "summary": {"covered_lines": 7, "num_statements": 7, "percent_covered": 100.0, "percent_covered_display": "100", "missing_lines": 0, "excluded_lines": 0, "percent_statements_covered": 100.0, "percent_statements_covered_display": "100"}, "missing_lines": [], "excluded_lines": []}, "TelegramNotifier.notify_started": {"executed_lines": [96, 97], "summary": {"covered_lines": 2, "num_statements": 2, "percent_covered": 100.0, "percent_covered_display": "100", "missing_lines": 0, "excluded_lines": 0, "percent_statements_covered": 100.0, "percent_statements_covered_display": "100"}, "missing_lines": [], "excluded_lines": []}, "TelegramNotifier.notify_stopped": {"executed_lines": [118, 119, 120], "summary": {"covered_lines": 3, "num_statements": 3, "percent_covered": 100.0, "percent_covered_display": "100", "missing_lines": 0, "excluded_lines": 0, "percent_statements_covered": 100.0, "percent_statements_covered_display": "100"}, "missing_lines": [], "excluded_lines": []}, "TelegramNotifier.notify_trade": {"executed_lines": [136, 137, 139, 140, 142, 144, 152, 153, 154, 156], "summary": {"covered_lines": 10, "num_statements": 10, "percent_covered": 100.0, "percent_covered_display": "100", "missing_lines": 0, "excluded_lines": 0, "percent_statements_covered": 100.0, "percent_statements_covered_display": "100"}, "missing_lines": [], "excluded_lines": []}, "TelegramNotifier.notify_error": {"executed_lines": [164], "summary": {"covered_lines": 1, "num_statements": 1, "percent_covered": 100.0, "percent_covered_display": "100", "missing_lines": 0, "excluded_lines": 0, "percent_statements_covered": 100.0, "percent_statements_covered_display": "100"}, "missing_lines": [], "excluded_lines": []}, "TelegramNotifier.send_test": {"executed_lines": [178, 179, 187], "summary": {"covered_lines": 3, "num_statements": 3, "percent_covered": 100.0, "percent_covered_display": "100", "missing_lines": 0, "excluded_lines": 0, "percent_statements_covered": 100.0, "percent_statements_covered_display": "100"}, "missing_lines": [], "excluded_lines": []}, "TelegramNotifier.notify_daily_loss_limit": {"executed_lines": [200], "summary": {"covered_lines": 1, "num_statements": 1, "percent_covered": 100.0, "percent_covered_display": "100", "missing_lines": 0, "excluded_lines": 0, "percent_statements_covered": 100.0, "percent_statements_covered_display": "100"}, "missing_lines": [], "excluded_lines": []}, "TelegramNotifier.send_document": {"executed_lines": [223, 224, 225, 230, 231, 232, 233], "summary": {"covered_lines": 7, "num_statements": 7, "percent_covered": 100.0, "percent_covered_display": "100", "missing_lines": 0, "excluded_lines": 0, "percent_statements_covered": 100.0, "percent_statements_covered_display": "100"}, "missing_lines": [], "excluded_lines": []}, "TelegramNotifier.notify_report_ready": {"executed_lines": [260, 261, 262, 264, 276], "summary": {"covered_lines": 5, "num_statements": 5, "percent_covered": 100.0, "percent_covered_display": "100", "missing_lines": 0, "excluded_lines": 0, "percent_statements_covered": 100.0, "percent_statements_covered_display": "100"}, "missing_lines": [], "excluded_lines": []}, "TelegramNotifier.reply": {"executed_lines": [287], "summary": {"covered_lines": 1, "num_statements": 1, "percent_covered": 100.0, "percent_covered_display": "100", "missing_lines": 0, "excluded_lines": 0, "percent_statements_covered": 100.0, "percent_statements_covered_display": "100"}, "missing_lines": [], "excluded_lines": []}, "TelegramNotifier.get_updates": {"executed_lines": [301, 303, 304, 308, 316, 317, 318, 319, 320, 321, 322, 325, 326, 327], "summary": {"covered_lines": 14, "num_statements": 16, "percent_covered": 87.5, "percent_covered_display": "88", "missing_lines": 2, "excluded_lines": 0, "percent_statements_covered": 87.5, "percent_statements_covered_display": "88"}, "missing_lines": [323, 324], "excluded_lines": []}, "TelegramNotifier.start_polling": {"executed_lines": [346, 347, 348, 349, 350, 351, 352, 353, 354, 355, 356, 358, 362, 363, 365, 366, 367, 372], "summary": {"covered_lines": 18, "num_statements": 18, "percent_covered": 100.0, "percent_covered_display": "100", "missing_lines": 0, "excluded_lines": 0, "percent_statements_covered": 100.0, "percent_statements_covered_display": "100"}, "missing_lines": [], "excluded_lines": []}, "": {"executed_lines": [1, 16, 17, 18, 19, 21, 22, 24, 27, 28, 40, 41, 43, 57, 81, 105, 126, 158, 166, 189, 206, 235, 278, 289, 329], "summary": {"covered_lines": 23, "num_statements": 23, "percent_covered": 100.0, "percent_covered_display": "100", "missing_lines": 0, "excluded_lines": 0, "percent_statements_covered": 100.0, "percent_statements_covered_display": "100"}, "missing_lines": [], "excluded_lines": []}}, "classes": {"TelegramNotifier": {"executed_lines": [51, 52, 53, 54, 55, 66, 67, 68, 76, 77, 78, 79, 96, 97, 118, 119, 120, 136, 137, 139, 140, 142, 144, 152, 153, 154, 156, 164, 178, 179, 187, 200, 223, 224, 225, 230, 231, 232, 233, 260, 261, 262, 264, 276, 287, 301, 303, 304, 308, 316, 317, 318, 319, 320, 321, 322, 325, 326, 327, 346, 347, 348, 349, 350, 351, 352, 353, 354, 355, 356, 358, 362, 363, 365, 366, 367, 372], "summary": {"covered_lines": 77, "num_statements": 79, "percent_covered": 97.46835443037975, "percent_covered_display": "97", "missing_lines": 2, "excluded_lines": 0, "percent_statements_covered": 97.46835443037975, "percent_statements_covered_display": "97"}, "missing_lines": [323, 324], "excluded_lines": []}, "": {"executed_lines": [1, 16, 17, 18, 19, 21, 22, 24, 27, 28, 40, 41, 43, 57, 81, 105, 126, 158, 166, 189, 206, 235, 278, 289, 329], "summary": {"covered_lines": 23, "num_statements": 23, "percent_covered": 100.0, "percent_covered_display": "100", "missing_lines": 0, "excluded_lines": 0, "percent_statements_covered": 100.0, "percent_statements_covered_display": "100"}, "missing_lines": [], "excluded_lines": []}}}}, "totals": {"covered_lines": 3825, "num_statements": 5373, "percent_covered": 71.1892797319933, "percent_covered_display": "71", "missing_lines": 1548, "excluded_lines": 816, "percent_statements_covered": 71.1892797319933, "percent_statements_covered_display": "71"}}
